[2017.05.21-08.26.35:032][  0]Log file open, 05/21/17 17:26:35
[2017.05.21-08.26.35:032][  0]LogInit:Display: Running engine for game: UES
[2017.05.21-08.26.35:032][  0]LogInit:Display: RandInit(513800986) SRandInit(513800987).
[2017.05.21-08.26.35:032][  0]LogTaskGraph: Started task graph with 4 named threads and 5 total threads.
[2017.05.21-08.26.35:032][  0]LogStats: Stats thread started
[2017.05.21-08.26.35:032][  0]LogInit: Version: 4.8.1-2591939+++depot+UE4-Releases+4.8
[2017.05.21-08.26.35:032][  0]LogInit: API Version: 2579680
[2017.05.21-08.26.35:032][  0]LogInit: Compiled (64-bit): Jun 18 2015 11:02:04
[2017.05.21-08.26.35:032][  0]LogInit: Compiled with Visual C++: 18.00.21005.01
[2017.05.21-08.26.35:032][  0]LogInit: Build Configuration: Development
[2017.05.21-08.26.35:032][  0]LogInit: Branch Name: ++depot+UE4-Releases+4.8
[2017.05.21-08.26.35:032][  0]LogInit: Command line: -EpicPortal 
[2017.05.21-08.26.35:032][  0]LogInit: Base directory: C:/Program Files/Epic Games/4.8/Engine/Binaries/Win64/
[2017.05.21-08.26.35:032][  0]LogInit: Rocket: 1
[2017.05.21-08.26.35:064][  0]LogInit: Using libcurl 7.41.0
[2017.05.21-08.26.35:064][  0]LogInit:  - built for x86_64-pc-win32
[2017.05.21-08.26.35:064][  0]LogInit:  - supports SSL with WinSSL
[2017.05.21-08.26.35:064][  0]LogInit:  - other features:
[2017.05.21-08.26.35:064][  0]LogInit:      CURL_VERSION_SSL
[2017.05.21-08.26.35:064][  0]LogInit:      CURL_VERSION_IPV6
[2017.05.21-08.26.35:064][  0]LogInit:      CURL_VERSION_ASYNCHDNS
[2017.05.21-08.26.35:064][  0]LogInit:      CURL_VERSION_LARGEFILE
[2017.05.21-08.26.35:064][  0]LogInit:      CURL_VERSION_IDN
[2017.05.21-08.26.35:064][  0]LogInit:  CurlRequestOptions (configurable via config and command line):
[2017.05.21-08.26.35:064][  0]LogInit:  - bVerifyPeer = true  - Libcurl will verify peer certificate
[2017.05.21-08.26.35:064][  0]LogInit:  - bUseHttpProxy = false  - Libcurl will NOT use HTTP proxy
[2017.05.21-08.26.35:064][  0]LogInit:  - bDontReuseConnections = false  - Libcurl will reuse connections
[2017.05.21-08.26.35:064][  0]LogInit:  - CertBundlePath = nullptr  - Libcurl will use whatever was configured at build time.
[2017.05.21-08.26.35:081][  0]LogOnline:Warning: No default platform service specified for OnlineSubsystem
[2017.05.21-08.26.35:863][  0]LogInit: Presizing for 0 objects not considered by GC, pre-allocating 0 bytes.
[2017.05.21-08.26.35:887][  0]LogInit: Object subsystem initialized
[2017.05.21-08.26.35:890][  0]LogConsoleResponse:Warning: Skipping Unknown console variable: 'TranslucentSortAxis = (X=0.000000,Y=-1.000000,Z=0.000000)'
[2017.05.21-08.26.35:890][  0]LogConsoleResponse:Warning:   Found in ini file 'C:/Users/naoya/Documents/GitHub/UES/UES/Saved/Config/Windows/Engine.ini', in section '[/Script/Engine.RendererSettings]'
[2017.05.21-08.26.35:891][  0]LogConsoleResponse:Warning: Skipping Unknown console variable: 'UIScaleRule = ShortestSide'
[2017.05.21-08.26.35:891][  0]LogConsoleResponse:Warning:   Found in ini file 'C:/Users/naoya/Documents/GitHub/UES/UES/Saved/Config/Windows/Engine.ini', in section '[/Script/Engine.RendererSettings]'
[2017.05.21-08.26.35:891][  0]LogConsoleResponse:Warning: Skipping Unknown console variable: 'UIScaleCurve = (EditorCurveData=(Keys=),ExternalCurve=None)'
[2017.05.21-08.26.35:891][  0]LogConsoleResponse:Warning:   Found in ini file 'C:/Users/naoya/Documents/GitHub/UES/UES/Saved/Config/Windows/Engine.ini', in section '[/Script/Engine.RendererSettings]'
[2017.05.21-08.26.35:892][  0]LogInit: Selected Device Profile: [Windows]
[2017.05.21-08.26.35:892][  0]LogInit: Applying CVar settings loaded from the selected device profile: [Windows]
[2017.05.21-08.26.36:271][  0]LogInit: Computer: MBP-WIN
[2017.05.21-08.26.36:271][  0]LogInit: User: naoya
[2017.05.21-08.26.36:271][  0]LogInit: CPU Page size=4096, Cores=2
[2017.05.21-08.26.36:272][  0]LogInit: High frequency timer resolution =2.825623 MHz
[2017.05.21-08.26.36:272][  0]LogMemory: Memory total: Physical=7.9GB (8GB approx)
[2017.05.21-08.26.36:272][  0]LogMemory: Platform Memory Stats for Windows
[2017.05.21-08.26.36:272][  0]LogMemory: Process Physical Memory: 50.14 MB used, 50.14 MB peak
[2017.05.21-08.26.36:272][  0]LogMemory: Process Virtual Memory: 20.38 MB used, 20.38 MB peak
[2017.05.21-08.26.36:272][  0]LogMemory: Physical Memory: 4714.96 MB used, 8098.70 MB total
[2017.05.21-08.26.36:272][  0]LogMemory: Virtual Memory: 312.54 MB used, 134217728.00 MB total
[2017.05.21-08.26.40:024][  0]LogTextLocalizationManager:Warning: Loaded localization resources contain conflicting entries for (Namespace:ContentBrowser, Key:ImportAssetToolTip):
Localization Resource: (C:/Program Files/Epic Games/4.8/Engine/Content/Localization/Editor/en/Editor.locres) Source String Hash: (-630476809) Localized String: (Import to {0}...)
Localization Resource: (C:/Program Files/Epic Games/4.8/Engine/Content/Localization/Editor/en/Editor.locres) Source String Hash: (1271782899) Localized String: (Imports an asset from file to this folder.)
[2017.05.21-08.26.41:820][  0]LogD3D11RHI: Found D3D11 adapter 0: Intel(R) HD Graphics 4000 (Feature Level 11_0)
[2017.05.21-08.26.41:820][  0]LogD3D11RHI: Adapter has 32MB of dedicated video memory, 0MB of dedicated system memory, and 1760MB of shared system memory, 1 output[s]
[2017.05.21-08.26.41:822][  0]LogD3D11RHI: Found D3D11 adapter 1: Microsoft Basic Render Driver (Feature Level 11_0)
[2017.05.21-08.26.41:822][  0]LogD3D11RHI: Adapter has 0MB of dedicated video memory, 0MB of dedicated system memory, and 4049MB of shared system memory, 0 output[s]
[2017.05.21-08.26.41:822][  0]LogD3D11RHI: Chosen D3D11 Adapter Id = 0
[2017.05.21-08.26.41:827][  0]LogRHI: Texture pool is 638 MB (70% of 912 MB)
[2017.05.21-08.26.41:829][  0]LogD3D11RHI: Async texture creation enabled
[2017.05.21-08.26.41:837][  0]LogShaderCompilers:Display: Using Local Shader Compiler.
[2017.05.21-08.27.11:830][  0]LogTemp:Display: Loaded TP DesktopTargetPlatform
[2017.05.21-08.27.11:957][  0]LogTemp:Display: Loaded TP WindowsClientTargetPlatform
[2017.05.21-08.27.12:095][  0]LogTemp:Display: Loaded TP WindowsNoEditorTargetPlatform
[2017.05.21-08.27.12:221][  0]LogTemp:Display: Loaded TP WindowsServerTargetPlatform
[2017.05.21-08.27.12:441][  0]LogTemp:Display: Loaded TP WindowsTargetPlatform
[2017.05.21-08.27.12:679][  0]LogTemp:Display: Loaded TP AndroidTargetPlatform
[2017.05.21-08.27.12:829][  0]LogTemp:Display: Loaded TP Android_ASTCTargetPlatform
[2017.05.21-08.27.13:059][  0]LogTemp:Display: Loaded TP Android_ATCTargetPlatform
[2017.05.21-08.27.13:277][  0]LogTemp:Display: Loaded TP Android_DXTTargetPlatform
[2017.05.21-08.27.13:444][  0]LogTemp:Display: Loaded TP Android_ETC1TargetPlatform
[2017.05.21-08.27.13:572][  0]LogTemp:Display: Loaded TP Android_ETC2TargetPlatform
[2017.05.21-08.27.13:789][  0]LogTemp:Display: Loaded TP Android_PVRTCTargetPlatform
[2017.05.21-08.27.14:438][  0]LogTemp:Display: Loaded TP IOSTargetPlatform
[2017.05.21-08.27.14:543][  0]LogTemp:Display: Loaded TP LinuxNoEditorTargetPlatform
[2017.05.21-08.27.14:828][  0]LogTemp:Display: Loaded TP LinuxServerTargetPlatform
[2017.05.21-08.27.15:047][  0]LogTemp:Display: Loaded TP LinuxTargetPlatform
[2017.05.21-08.27.15:047][  0]LogTargetPlatformManager:Display: Building Assets For Windows
[2017.05.21-08.27.21:577][  0]LogDerivedDataCache:Display: Max Cache Size: 512 MB
[2017.05.21-08.27.25:045][  0]LogDerivedDataCache: Loaded boot cache 3.47s 53MB C:/Users/naoya/AppData/Local/UnrealEngine/4.8/DerivedDataCache/Boot.ddc.
[2017.05.21-08.27.25:045][  0]LogDerivedDataCache:Display: Loaded Boot cache: C:/Users/naoya/AppData/Local/UnrealEngine/4.8/DerivedDataCache/Boot.ddc
[2017.05.21-08.27.25:045][  0]LogDerivedDataCache: FDerivedDataBackendGraph:  Pak pak cache file ../../../../../../Users/naoya/Documents/GitHub/UES/UES/DerivedDataCache/DDC.ddp not found, will not use a pak cache.
[2017.05.21-08.27.25:045][  0]LogDerivedDataCache: Unable to find inner node Pak for hierarchical cache Hierarchy.
[2017.05.21-08.27.25:045][  0]LogDerivedDataCache: FDerivedDataBackendGraph:  CompressedPak pak cache file ../../../../../../Users/naoya/Documents/GitHub/UES/UES/DerivedDataCache/Compressed.ddp not found, will not use a pak cache.
[2017.05.21-08.27.25:045][  0]LogDerivedDataCache: Unable to find inner node CompressedPak for hierarchical cache Hierarchy.
[2017.05.21-08.27.25:209][  0]LogDerivedDataCache:Display: Pak cache opened for reading ../../../Engine/DerivedDataCache/Compressed.ddp.
[2017.05.21-08.27.25:221][  0]LogDerivedDataCache: Using Local data cache path C:/Users/naoya/AppData/Local/UnrealEngine/Common/DerivedDataCache: Writable
[2017.05.21-08.27.50:807][  0]LogInit: Selected Device Profile: [Windows]
[2017.05.21-08.27.50:903][  0]ImportText (ComponentSweepMultiTests): Missing closing parenthesis: (RootShapeAsset="/Engine/BasicShapes/Cube.Cube",ShapeType="TriggerCapsule",HitResult=(Time=0.50,Location=(X=-100.000015,Y=0.0,Z=100.000015),ImpactPoint=(X=-50.0,Y=0.0,Z=50.0),Normal=(X=-1.0,Y=-0.0,Z=0.0),ImpactNormal=(X=0.0,Y=0.0,Z=1.0),TraceStart=(X=-200.0,Y=0.0,Z=200.0),TraceEnd=(X=0.0,Y=0.0,Z=0.0))
[2017.05.21-08.27.50:903][  0]ImportText (LineTraceSingleByChannelTests): Missing closing parenthesis: (RootShapeAsset="/Engine/BasicShapes/Cube.Cube",HitResult=(Time=0.50,Location=(X=-100.000015,Y=0.0,Z=100.000015),ImpactPoint=(X=-50.0,Y=0.0,Z=50.0),Normal=(X=-1.0,Y=-0.0,Z=0.0),ImpactNormal=(X=0.0,Y=0.0,Z=1.0),TraceStart=(X=-200.0,Y=0.0,Z=200.0),TraceEnd=(X=0.0,Y=0.0,Z=0.0))
[2017.05.21-08.27.50:985][  0]LogMeshUtilities: No automatic mesh reduction module available
[2017.05.21-08.27.50:985][  0]LogMeshUtilities: No automatic mesh merging module available
[2017.05.21-08.27.51:594][  0]LogInit: WinSock: version 1.1 (2.2), MaxSocks=32767, MaxUdp=65467
[2017.05.21-08.28.38:799][  0]UdpMessaging: Initializing bridge on interface 0.0.0.0:0 to multicast group 230.0.0.1:6666.
[2017.05.21-08.28.40:626][  0]SourceControl: Info Source control is disabled
[2017.05.21-08.28.41:121][  0]SourceControl: Info Source control is disabled
[2017.05.21-08.28.41:166][  0]SourceControl: Info Source control is disabled
[2017.05.21-08.28.41:199][  0]SourceControl: Info Source control is disabled
[2017.05.21-08.28.42:893][  0]LogObj: 26273 objects as part of root set at end of initial load.
[2017.05.21-08.28.42:893][  0]LogUObjectAllocator: 5409248 out of 0 bytes used by permanent object pool.
[2017.05.21-08.28.43:198][  0]LogEngine: Initializing Engine...
[2017.05.21-08.28.43:201][  0]LogHMD: Can't find Oculus library dev build: is proper Runtime installed? Version: 0.6.0.0
[2017.05.21-08.28.43:378][  0]LogHMD:Warning: SteamVR failed to initialize.  Error: 110
[2017.05.21-08.28.43:608][  0]LogAIModule: Creating AISystem for world NewWorld
[2017.05.21-08.28.43:685][  0]LogInit: XAudio2 using 'スピーカー (Cirrus Logic CS4206B (AB 82))' : 4 channels at 48 kHz using 32 bits per sample (channel mask 0x33)
[2017.05.21-08.28.43:724][  0]LogInit: FAudioDevice initialized.
[2017.05.21-08.28.43:759][  0]LogDerivedDataCache: Saved boot cache 0.03s 53MB C:/Users/naoya/AppData/Local/UnrealEngine/4.8/DerivedDataCache/Boot.ddc.
[2017.05.21-08.28.43:769][  0]LogInit: Texture streaming: Disabled
[2017.05.21-08.28.43:897][  0]LogAnalytics: Creating configured Analytics provider AnalyticsET
[2017.05.21-08.28.43:898][  0]LogAnalytics: [UEEditor.Rocket.Release] APIServer = http://et2.epicgames.com/ET2/. AppVersion = 4.8.1-2591939+++depot+UE4-Releases+4.8
[2017.05.21-08.28.43:898][  0]LogAnalytics: [UEEditor.Rocket.Release] SetUserId 10962dc64ef36cd15ebb5dac67d4b6d4|3f71092cfe98413a8b5914193a7b869d|f7a54027-ac37-4c8a-8b77-6ba9f22c4a62
[2017.05.21-08.28.43:898][  0]LogAnalytics: [UEEditor.Rocket.Release] AnalyticsET::StartSession
[2017.05.21-08.28.44:290][  0]LogInit: Transaction tracking system initialized
[2017.05.21-08.28.45:399][  0]BlueprintLog: New page: Editor Load
[2017.05.21-08.28.46:820][  0]LogAssetRegistry: FAssetRegistry took 0.0112 seconds to start up
[2017.05.21-08.28.46:821][  0]LogDirectoryWatcher:Warning: Failed to begin reading directory changes for ../../../Engine/Plugins/Experimental/CharacterAI/Content/. Error: 0
[2017.05.21-08.28.53:994][  0]LogLinker:Warning: Asset '../../../Engine/Content/Tutorial/Basics/FeaturePacks.uasset' has been saved with empty engine version. The asset will be loaded but may be incompatible.
[2017.05.21-08.28.54:970][  0]LogConsoleManager:Warning: Console variable 'r.VSync' wasn't set ('GameSetting' has a lower priority than 'SystemSettingsIni')
[2017.05.21-08.28.54:971][  0]LogConsoleResponse:Display: 
[2017.05.21-08.28.55:649][  0]LogCook:Display: Done creating registry. It took  0.00s.
[2017.05.21-08.28.57:543][  0]SourceControl: Info Source control is disabled
[2017.05.21-08.28.57:543][  0]Cmd: MAP LOAD FILE="../../../../../../Users/naoya/Documents/GitHub/UES/UES/Content/FirstPersonBP/Maps/FirstPersonExampleMap.umap" TEMPLATE=0 SHOWPROGRESS=1 FEATURELEVEL=3
[2017.05.21-08.28.57:645][  0]LightingResults: New page: Lighting Build
[2017.05.21-08.28.57:669][  0]MapCheck: New page: Map Check
[2017.05.21-08.28.57:669][  0]LightingResults: New page: Lighting Build
[2017.05.21-08.28.57:688][  0]LogParticles: Destroying 0 GPU particle simulations for FXSystem 0x000002A94E478B80
[2017.05.21-08.29.35:024][  0]LogAIModule: Creating AISystem for world FirstPersonExampleMap
[2017.05.21-08.29.35:535][  0]LogEditorServer: Finished looking for orphan Actors (0.000 secs)
[2017.05.21-08.29.37:489][  0]Cmd: MAP CHECKDEP NOCLEARLOG
[2017.05.21-08.29.37:543][  0]MapCheck: Info Map check complete: 0 Error(s), 0 Warning(s), took 53.874ms to complete.
[2017.05.21-08.29.37:543][  0]LogFileHelpers: Loading map 'FirstPersonExampleMap' took 40.001
[2017.05.21-08.29.39:957][  0]LogCollectionManager: Loaded 0 collections in 0.002714 seconds
[2017.05.21-08.29.40:067][  0]LogContentBrowser: Native class hierarchy populated in 0.1096 seconds. Added 1792 classes and 301 folders.
[2017.05.21-08.29.40:770][  0]LogContentBrowser: Native class hierarchy updated for 'WidgetCarousel' in 0.0013 seconds. Added 0 classes and 0 folders.
[2017.05.21-08.29.42:298][  0]LogContentBrowser: Native class hierarchy updated for 'AddContentDialog' in 0.0010 seconds. Added 0 classes and 0 folders.
[2017.05.21-08.29.42:437][  0]LogContentBrowser: Native class hierarchy updated for 'SceneOutliner' in 0.0011 seconds. Added 1 classes and 2 folders.
[2017.05.21-08.29.43:669][  0]LogCrashTracker: Crashtracker disabled due to settings.
[2017.05.21-08.29.43:939][  0]LogUObjectGlobals:Warning: Failed to find object 'Class None.'
[2017.05.21-08.29.44:026][  0]LogLoad: Full Startup: 212.44 seconds (BP compile: 3.90 seconds)
[2017.05.21-08.29.45:546][  0]LogContentStreaming: Texture pool size is 0.000000MB
[2017.05.21-08.29.45:638][  0]LogContentStreaming: Texture pool size now 200 MB
[2017.05.21-08.29.46:439][  0]LogRenderer: Reallocating scene render targets to support 688x392 (Frame:2).
[2017.05.21-08.29.48:645][  9]LogAssetRegistry: Asset discovery search completed in 61.8364 seconds
[2017.05.21-08.30.10:386][331]LogPlayLevel: PIE:  No blueprints needed recompiling
[2017.05.21-08.30.10:803][331]PIE: New page: PIE session: FirstPersonExampleMap (May 22, 2017, 2:30:10 AM)
[2017.05.21-08.30.10:814][331]LogPlayLevel: Creating play world package: /Game/FirstPersonBP/Maps/UEDPIE_0_FirstPersonExampleMap
[2017.05.21-08.30.11:070][331]LogPlayLevel: PIE: StaticDuplicateObject took: (0.255858s)
[2017.05.21-08.30.11:081][331]LogAIModule: Creating AISystem for world FirstPersonExampleMap
[2017.05.21-08.30.11:082][331]LogPlayLevel: PIE: World Init took: (0.012193s)
[2017.05.21-08.30.11:092][331]LogPlayLevel: PIE: Created PIE world by copying editor world from /Game/FirstPersonBP/Maps/FirstPersonExampleMap.FirstPersonExampleMap to /Game/FirstPersonBP/Maps/UEDPIE_0_FirstPersonExampleMap.FirstPersonExampleMap (0.278304s)
[2017.05.21-08.30.11:236][331]LogInit: XAudio2 using 'スピーカー (Cirrus Logic CS4206B (AB 82))' : 4 channels at 48 kHz using 32 bits per sample (channel mask 0x33)
[2017.05.21-08.30.11:241][331]LogInit: FAudioDevice initialized.
[2017.05.21-08.30.11:931][331]LogWorld: Game class is 'FirstPersonGameMode_C'
[2017.05.21-08.30.12:279][331]LogWorld: Bringing World /Game/FirstPersonBP/Maps/UEDPIE_0_FirstPersonExampleMap.FirstPersonExampleMap up for play (max tick rate 60) at 2017.05.21-17.30.12
[2017.05.21-08.30.12:279][331]LogActor:Warning: GameSession /Game/FirstPersonBP/Maps/UEDPIE_0_FirstPersonExampleMap.FirstPersonExampleMap:PersistentLevel.GameSession_0 has natively added scene component(s), but none of them were set as the actor's RootComponent - picking one arbitrarily
[2017.05.21-08.30.12:337][331]LogActor:Warning: GameNetworkManager /Game/FirstPersonBP/Maps/UEDPIE_0_FirstPersonExampleMap.FirstPersonExampleMap:PersistentLevel.GameNetworkManager_0 has natively added scene component(s), but none of them were set as the actor's RootComponent - picking one arbitrarily
[2017.05.21-08.30.12:451][331]LogWorld: Bringing up level for play took: 0.200029
[2017.05.21-08.30.12:918][331]PIE: Info Play in editor start time for /Game/FirstPersonBP/Maps/UEDPIE_0_FirstPersonExampleMap 2.476
[2017.05.21-08.30.23:643][882]LogParticles: Destroying 0 GPU particle simulations for FXSystem 0x000002A90C6831A0
[2017.05.21-08.34.24:591][440]LogActorComponent: UnregisterComponent: (/Engine/Transient.ProjectileMovementComponent_40__A6522401) Not registered. Aborting.
[2017.05.21-08.34.24:591][440]LogActorComponent: UnregisterComponent: (/Engine/Transient.CharMoveComp) Not registered. Aborting.
[2017.05.21-08.34.24:968][440]LogWindowsTextInputMethodSystem:Display: IME system now activated using TSF (Microsoft IME).
[2017.05.21-08.34.25:462][441]Cmd: QUIT_EDITOR
[2017.05.21-08.34.25:932][441]LogExit: Preparing to exit.
[2017.05.21-08.34.26:952][441]LogExit: Editor shut down
[2017.05.21-08.34.26:953][441]LogExit: Transaction tracking system shut down
[2017.05.21-08.34.26:955][441]LogParticles: Destroying 0 GPU particle simulations for FXSystem 0x000002A942482480
[2017.05.21-08.34.26:956][441]LogParticles: Destroying 0 GPU particle simulations for FXSystem 0x000002A90C6B5DA0
[2017.05.21-08.34.27:180][441]LogParticles: Destroying 0 GPU particle simulations for FXSystem 0x000002A90C6828E0
[2017.05.21-08.34.27:180][441]LogExit: Object subsystem successfully closed.
[2017.05.21-08.34.27:253][441]LogModuleManager: Shutting down and abandoning module CrashTracker (188)
[2017.05.21-08.34.27:253][441]LogModuleManager: Shutting down and abandoning module SceneOutliner (187)
[2017.05.21-08.34.27:253][441]LogModuleManager: Shutting down and abandoning module SuperSearch (186)
[2017.05.21-08.34.27:253][441]LogModuleManager: Shutting down and abandoning module WidgetCarousel (185)
[2017.05.21-08.34.27:253][441]LogModuleManager: Shutting down and abandoning module AddContentDialog (184)
[2017.05.21-08.34.27:254][441]LogModuleManager: Shutting down and abandoning module EditorWidgets (183)
[2017.05.21-08.34.27:254][441]LogModuleManager: Shutting down and abandoning module CollectionManager (182)
[2017.05.21-08.34.27:254][441]LogModuleManager: Shutting down and abandoning module StatsViewer (181)
[2017.05.21-08.34.27:254][441]LogModuleManager: Shutting down and abandoning module FoliageEdit (180)
[2017.05.21-08.34.27:254][441]LogModuleManager: Shutting down and abandoning module LandscapeEditor (179)
[2017.05.21-08.34.27:254][441]LogModuleManager: Shutting down and abandoning module ActorPickerMode (178)
[2017.05.21-08.34.27:254][441]LogModuleManager: Shutting down and abandoning module GeometryMode (177)
[2017.05.21-08.34.27:254][441]LogModuleManager: Shutting down and abandoning module TextureAlignMode (176)
[2017.05.21-08.34.27:254][441]LogModuleManager: Shutting down and abandoning module BspMode (175)
[2017.05.21-08.34.27:254][441]LogModuleManager: Shutting down and abandoning module PlacementMode (174)
[2017.05.21-08.34.27:254][441]LogModuleManager: Shutting down and abandoning module AutomationWorker (173)
[2017.05.21-08.34.27:254][441]LogModuleManager: Shutting down and abandoning module CharacterAI (172)
[2017.05.21-08.34.27:254][441]LogModuleManager: Shutting down and abandoning module SmartSnapping (171)
[2017.05.21-08.34.27:254][441]LogModuleManager: Shutting down and abandoning module ViewportSnapping (170)
[2017.05.21-08.34.27:254][441]LogModuleManager: Shutting down and abandoning module LogVisualizer (169)
[2017.05.21-08.34.27:254][441]LogModuleManager: Shutting down and abandoning module GameProjectGeneration (168)
[2017.05.21-08.34.27:254][441]LogModuleManager: Shutting down and abandoning module IntroTutorials (167)
[2017.05.21-08.34.27:254][441]LogModuleManager: Shutting down and abandoning module EditorLiveStreaming (166)
[2017.05.21-08.34.27:254][441]LogModuleManager: Shutting down and abandoning module IOSPlatformEditor (165)
[2017.05.21-08.34.27:254][441]LogModuleManager: Shutting down and abandoning module HTML5PlatformEditor (164)
[2017.05.21-08.34.27:254][441]LogModuleManager: Shutting down and abandoning module AndroidDeviceDetection (163)
[2017.05.21-08.34.27:409][441]LogModuleManager: Shutting down and abandoning module AndroidPlatformEditor (162)
[2017.05.21-08.34.27:409][441]LogModuleManager: Shutting down and abandoning module IOSRuntimeSettings (161)
[2017.05.21-08.34.27:409][441]LogModuleManager: Shutting down and abandoning module AndroidRuntimeSettings (160)
[2017.05.21-08.34.27:409][441]LogModuleManager: Shutting down and abandoning module MergeActors (159)
[2017.05.21-08.34.27:409][441]LogModuleManager: Shutting down and abandoning module SizeMap (158)
[2017.05.21-08.34.27:409][441]LogModuleManager: Shutting down and abandoning module TreeMap (157)
[2017.05.21-08.34.27:409][441]LogModuleManager: Shutting down and abandoning module ReferenceViewer (156)
[2017.05.21-08.34.27:409][441]LogModuleManager: Shutting down and abandoning module LocalizationDashboard (155)
[2017.05.21-08.34.27:409][441]LogModuleManager: Shutting down and abandoning module HardwareTargeting (154)
[2017.05.21-08.34.27:409][441]LogModuleManager: Shutting down and abandoning module DeviceProfileEditor (153)
[2017.05.21-08.34.27:409][441]LogModuleManager: Shutting down and abandoning module UndoHistory (152)
[2017.05.21-08.34.27:410][441]LogModuleManager: Shutting down and abandoning module GameplayTagsEditor (151)
[2017.05.21-08.34.27:410][441]LogModuleManager: Shutting down and abandoning module UserFeedback (150)
[2017.05.21-08.34.27:410][441]LogModuleManager: Shutting down and abandoning module XmlParser (149)
[2017.05.21-08.34.27:410][441]LogModuleManager: Shutting down and abandoning module Blutility (148)
[2017.05.21-08.34.27:410][441]LogModuleManager: Shutting down and abandoning module ProjectTargetPlatformEditor (147)
[2017.05.21-08.34.27:410][441]LogModuleManager: Shutting down and abandoning module ProjectSettingsViewer (146)
[2017.05.21-08.34.27:410][441]LogModuleManager: Shutting down and abandoning module InputBindingEditor (145)
[2017.05.21-08.34.27:410][441]LogModuleManager: Shutting down and abandoning module EditorSettingsViewer (144)
[2017.05.21-08.34.27:410][441]LogModuleManager: Shutting down and abandoning module SettingsEditor (143)
[2017.05.21-08.34.27:410][441]LogModuleManager: Shutting down and abandoning module ProjectLauncher (142)
[2017.05.21-08.34.27:410][441]LogModuleManager: Shutting down and abandoning module SessionFrontend (141)
[2017.05.21-08.34.27:411][441]LogModuleManager: Shutting down and abandoning module ProfilerClient (140)
[2017.05.21-08.34.27:411][441]LogModuleManager: Shutting down and abandoning module TargetDeviceServices (139)
[2017.05.21-08.34.27:411][441]LogModuleManager: Shutting down and abandoning module DeviceManager (138)
[2017.05.21-08.34.27:411][441]LogModuleManager: Shutting down and abandoning module AutomationController (137)
[2017.05.21-08.34.27:411][441]LogModuleManager: Shutting down and abandoning module AutomationWindow (136)
[2017.05.21-08.34.27:411][441]LogModuleManager: Shutting down and abandoning module Layers (135)
[2017.05.21-08.34.27:411][441]LogModuleManager: Shutting down and abandoning module ComponentVisualizers (134)
[2017.05.21-08.34.27:411][441]LogModuleManager: Shutting down and abandoning module DetailCustomizations (133)
[2017.05.21-08.34.27:411][441]LogModuleManager: Shutting down and abandoning module PackagesDialog (132)
[2017.05.21-08.34.27:411][441]LogModuleManager: Shutting down and abandoning module AssetRegistry (131)
[2017.05.21-08.34.27:482][441]LogModuleManager: Shutting down and abandoning module Persona (130)
[2017.05.21-08.34.27:482][441]LogModuleManager: Shutting down and abandoning module Kismet (129)
[2017.05.21-08.34.27:482][441]LogModuleManager: Shutting down and abandoning module GraphEditor (128)
[2017.05.21-08.34.27:483][441]LogModuleManager: Shutting down and abandoning module ClassViewer (127)
[2017.05.21-08.34.27:483][441]LogModuleManager: Shutting down and abandoning module Toolbox (126)
[2017.05.21-08.34.27:483][441]LogModuleManager: Shutting down and abandoning module ModuleUI (125)
[2017.05.21-08.34.27:483][441]LogModuleManager: Shutting down and abandoning module MovieSceneTools (124)
[2017.05.21-08.34.27:483][441]LogModuleManager: Shutting down and abandoning module OutputLog (123)
[2017.05.21-08.34.27:483][441]LogModuleManager: Shutting down and abandoning module GammaUI (122)
[2017.05.21-08.34.27:483][441]LogModuleManager: Shutting down and abandoning module Documentation (121)
[2017.05.21-08.34.27:483][441]LogModuleManager: Shutting down and abandoning module GameLiveStreaming (120)
[2017.05.21-08.34.27:483][441]LogModuleManager: Shutting down and abandoning module StreamingPauseRendering (119)
[2017.05.21-08.34.27:483][441]LogModuleManager: Shutting down and abandoning module AnalyticsET (118)
[2017.05.21-08.34.27:483][441]LogModuleManager: Shutting down and abandoning module Analytics (117)
[2017.05.21-08.34.27:483][441]LogModuleManager: Shutting down and abandoning module AITestSuite (116)
[2017.05.21-08.34.27:483][441]LogModuleManager: Shutting down and abandoning module GameplayDebugger (115)
[2017.05.21-08.34.27:483][441]LogModuleManager: Shutting down and abandoning module AIModule (114)
[2017.05.21-08.34.27:483][441]LogModuleManager: Shutting down and abandoning module ProfilerService (113)
[2017.05.21-08.34.27:532][441]LogModuleManager: Shutting down and abandoning module TaskGraph (112)
[2017.05.21-08.34.27:532][441]LogModuleManager: Shutting down and abandoning module SlateRemote (111)
[2017.05.21-08.34.27:532][441]LogModuleManager: Shutting down and abandoning module SteamVRController (110)
[2017.05.21-08.34.27:532][441]LogModuleManager: Shutting down and abandoning module SteamVR (109)
[2017.05.21-08.34.27:532][441]LogModuleManager: Shutting down and abandoning module ProceduralMeshComponent (108)
[2017.05.21-08.34.27:532][441]LogModuleManager: Shutting down and abandoning module OculusRift (107)
[2017.05.21-08.34.27:532][441]LogModuleManager: Shutting down and abandoning module LeapMotionController (106)
[2017.05.21-08.34.27:568][441]LogModuleManager: Shutting down and abandoning module CustomMeshComponent (105)
[2017.05.21-08.34.27:568][441]LogModuleManager: Shutting down and abandoning module CableComponent (104)
[2017.05.21-08.34.27:568][441]LogModuleManager: Shutting down and abandoning module MessagingDebugger (103)
[2017.05.21-08.34.27:568][441]LogModuleManager: Shutting down and abandoning module MediaPlayerEditor (102)
[2017.05.21-08.34.27:568][441]LogModuleManager: Shutting down and abandoning module SpeedTreeImporter (101)
[2017.05.21-08.34.27:568][441]LogModuleManager: Shutting down and abandoning module PluginBrowser (100)
[2017.05.21-08.34.27:568][441]LogModuleManager: Shutting down and abandoning module EpicSurvey (99)
[2017.05.21-08.34.27:568][441]LogModuleManager: Shutting down and abandoning module DesktopPlatform (98)
[2017.05.21-08.34.27:568][441]LogModuleManager: Shutting down and abandoning module VisualStudioSourceCodeAccess (97)
[2017.05.21-08.34.27:568][441]LogModuleManager: Shutting down and abandoning module UObjectPlugin (96)
[2017.05.21-08.34.27:568][441]LogModuleManager: Shutting down and abandoning module SubversionSourceControl (95)
[2017.05.21-08.34.27:568][441]LogModuleManager: Shutting down and abandoning module PerforceSourceControl (94)
[2017.05.21-08.34.27:568][441]LogModuleManager: Shutting down and abandoning module SourceControl (93)
[2017.05.21-08.34.27:568][441]LogModuleManager: Shutting down and abandoning module GitSourceControl (92)
[2017.05.21-08.34.27:568][441]LogModuleManager: Shutting down and abandoning module BlankPlugin (91)
[2017.05.21-08.34.27:568][441]LogModuleManager: Shutting down and abandoning module PaperTiledImporter (90)
[2017.05.21-08.34.27:568][441]LogModuleManager: Shutting down and abandoning module PaperSpriteSheetImporter (89)
[2017.05.21-08.34.27:568][441]LogModuleManager: Shutting down and abandoning module MeshPaint (88)
[2017.05.21-08.34.27:568][441]LogModuleManager: Shutting down and abandoning module SlateReflector (87)
[2017.05.21-08.34.27:568][441]LogModuleManager: Shutting down and abandoning module DirectoryWatcher (86)
[2017.05.21-08.34.27:568][441]LogModuleManager: Shutting down and abandoning module HotReload (85)
[2017.05.21-08.34.27:568][441]LogModuleManager: Shutting down and abandoning module MainFrame (84)
[2017.05.21-08.34.27:569][441]LogModuleManager: Shutting down and abandoning module LevelEditor (83)
[2017.05.21-08.34.27:569][441]LogModuleManager: Shutting down and abandoning module ContentBrowser (82)
[2017.05.21-08.34.27:570][441]LogModuleManager: Shutting down and abandoning module Paper2DEditor (81)
[2017.05.21-08.34.27:570][441]LogModuleManager: Shutting down and abandoning module UdpMessaging (80)
[2017.05.21-08.34.27:671][441]LogModuleManager: Shutting down and abandoning module Paper2D (79)
[2017.05.21-08.34.27:671][441]LogModuleManager: Shutting down and abandoning module WindowsMoviePlayer (78)
[2017.05.21-08.34.27:679][441]LogModuleManager: Shutting down and abandoning module Media (77)
[2017.05.21-08.34.27:679][441]LogModuleManager: Shutting down and abandoning module WmfMedia (76)
[2017.05.21-08.34.27:680][441]LogModuleManager: Shutting down and abandoning module OnlineBlueprintSupport (75)
[2017.05.21-08.34.27:680][441]LogModuleManager: Shutting down and abandoning module PropertyEditor (74)
[2017.05.21-08.34.27:680][441]LogModuleManager: Shutting down and abandoning module BehaviorTreeEditor (73)
[2017.05.21-08.34.27:680][441]LogModuleManager: Shutting down and abandoning module FunctionalTesting (72)
[2017.05.21-08.34.27:680][441]LogModuleManager: Shutting down and abandoning module CollisionAnalyzer (71)
[2017.05.21-08.34.27:680][441]LogModuleManager: Shutting down and abandoning module WorkspaceMenuStructure (70)
[2017.05.21-08.34.27:680][441]LogModuleManager: Shutting down and abandoning module MessageLog (69)
[2017.05.21-08.34.27:680][441]LogModuleManager: Shutting down and abandoning module Sequencer (68)
[2017.05.21-08.34.27:680][441]LogModuleManager: Shutting down and abandoning module AssetTools (67)
[2017.05.21-08.34.27:681][441]LogModuleManager: Shutting down and abandoning module UMGEditor (66)
[2017.05.21-08.34.27:681][441]LogModuleManager: Shutting down and abandoning module UMG (65)
[2017.05.21-08.34.27:681][441]LogModuleManager: Shutting down and abandoning module Slate (64)
[2017.05.21-08.34.27:681][441]LogModuleManager: Shutting down and abandoning module EditorStyle (63)
[2017.05.21-08.34.27:689][441]LogModuleManager: Shutting down and abandoning module SessionServices (62)
[2017.05.21-08.34.27:689][441]LogModuleManager: Shutting down and abandoning module SourceCodeAccess (61)
[2017.05.21-08.34.27:689][441]LogModuleManager: Shutting down and abandoning module HeadMountedDisplay (60)
[2017.05.21-08.34.27:689][441]LogModuleManager: Shutting down and abandoning module XAudio2 (59)
[2017.05.21-08.34.27:689][441]LogModuleManager: Shutting down and abandoning module Networking (57)
[2017.05.21-08.34.27:689][441]LogModuleManager: Shutting down and abandoning module Core (56)
[2017.05.21-08.34.27:689][441]LogModuleManager: Shutting down and abandoning module KismetCompiler (55)
[2017.05.21-08.34.27:689][441]LogModuleManager: Shutting down and abandoning module PhysXFormats (54)
[2017.05.21-08.34.27:689][441]LogModuleManager: Shutting down and abandoning module MeshUtilities (53)
[2017.05.21-08.34.27:689][441]LogModuleManager: Shutting down and abandoning module DerivedDataCache (52)
[2017.05.21-08.34.27:717][441]LogDerivedDataCache: Shutdown
[2017.05.21-08.34.27:717][441]LogModuleManager: Shutting down and abandoning module ShaderFormatOpenGL (51)
[2017.05.21-08.34.27:717][441]LogModuleManager: Shutting down and abandoning module ShaderFormatD3D (50)
[2017.05.21-08.34.27:717][441]LogModuleManager: Shutting down and abandoning module MetalShaderFormat (49)
[2017.05.21-08.34.27:717][441]LogModuleManager: Shutting down and abandoning module TextureFormatUncompressed (48)
[2017.05.21-08.34.27:717][441]LogModuleManager: Shutting down and abandoning module TextureFormatPVR (47)
[2017.05.21-08.34.27:717][441]LogModuleManager: Shutting down and abandoning module TextureFormatIntelISPCTexComp (46)
[2017.05.21-08.34.27:717][441]LogModuleManager: Shutting down and abandoning module TextureFormatDXT (45)
[2017.05.21-08.34.27:717][441]LogModuleManager: Shutting down and abandoning module ImageWrapper (44)
[2017.05.21-08.34.27:717][441]LogModuleManager: Shutting down and abandoning module TextureFormatASTC (43)
[2017.05.21-08.34.27:717][441]LogModuleManager: Shutting down and abandoning module TextureFormatAndroid (42)
[2017.05.21-08.34.27:717][441]LogModuleManager: Shutting down and abandoning module AudioFormatOpus (41)
[2017.05.21-08.34.27:717][441]LogModuleManager: Shutting down and abandoning module AudioFormatOgg (40)
[2017.05.21-08.34.27:717][441]LogModuleManager: Shutting down and abandoning module AudioFormatADPCM (39)
[2017.05.21-08.34.27:717][441]LogModuleManager: Shutting down and abandoning module LinuxTargetPlatform (38)
[2017.05.21-08.34.27:717][441]LogModuleManager: Shutting down and abandoning module LinuxServerTargetPlatform (37)
[2017.05.21-08.34.27:717][441]LogModuleManager: Shutting down and abandoning module LinuxNoEditorTargetPlatform (36)
[2017.05.21-08.34.27:717][441]LogModuleManager: Shutting down and abandoning module Messaging (35)
[2017.05.21-08.34.27:717][441]LogModuleManager: Shutting down and abandoning module IOSTargetPlatform (34)
[2017.05.21-08.34.27:717][441]LogModuleManager: Shutting down and abandoning module HTML5TargetPlatform (33)
[2017.05.21-08.34.27:717][441]LogModuleManager: Shutting down and abandoning module Android_PVRTCTargetPlatform (32)
[2017.05.21-08.34.27:717][441]LogModuleManager: Shutting down and abandoning module Android_ETC2TargetPlatform (31)
[2017.05.21-08.34.27:717][441]LogModuleManager: Shutting down and abandoning module Android_ETC1TargetPlatform (30)
[2017.05.21-08.34.27:717][441]LogModuleManager: Shutting down and abandoning module Android_DXTTargetPlatform (29)
[2017.05.21-08.34.27:717][441]LogModuleManager: Shutting down and abandoning module Android_ATCTargetPlatform (28)
[2017.05.21-08.34.27:717][441]LogModuleManager: Shutting down and abandoning module Android_ASTCTargetPlatform (27)
[2017.05.21-08.34.27:718][441]LogModuleManager: Shutting down and abandoning module AndroidTargetPlatform (26)
[2017.05.21-08.34.27:718][441]LogModuleManager: Shutting down and abandoning module WindowsTargetPlatform (25)
[2017.05.21-08.34.27:718][441]LogModuleManager: Shutting down and abandoning module WindowsServerTargetPlatform (24)
[2017.05.21-08.34.27:718][441]LogModuleManager: Shutting down and abandoning module WindowsNoEditorTargetPlatform (23)
[2017.05.21-08.34.27:718][441]LogModuleManager: Shutting down and abandoning module WindowsClientTargetPlatform (22)
[2017.05.21-08.34.27:718][441]LogModuleManager: Shutting down and abandoning module DesktopTargetPlatform (21)
[2017.05.21-08.34.27:718][441]LogModuleManager: Shutting down and abandoning module TargetPlatform (20)
[2017.05.21-08.34.27:718][441]LogModuleManager: Shutting down and abandoning module InputCore (19)
[2017.05.21-08.34.27:718][441]LogModuleManager: Shutting down and abandoning module Settings (18)
[2017.05.21-08.34.27:718][441]LogModuleManager: Shutting down and abandoning module OnlineSubsystem (16)
[2017.05.21-08.34.27:718][441]LogModuleManager: Shutting down and abandoning module HTTP (15)
[2017.05.21-08.34.27:718][441]LogModuleManager: Shutting down and abandoning module ExampleDeviceProfileSelector (14)
[2017.05.21-08.34.27:718][441]LogModuleManager: Shutting down and abandoning module TextureCompressor (13)
[2017.05.21-08.34.27:718][441]LogModuleManager: Shutting down and abandoning module ShaderCore (12)
[2017.05.21-08.34.27:718][441]LogModuleManager: Shutting down and abandoning module Landscape (11)
[2017.05.21-08.34.27:718][441]LogModuleManager: Shutting down and abandoning module SlateRHIRenderer (10)
[2017.05.21-08.34.27:720][441]LogModuleManager: Shutting down and abandoning module OpenGLDrv (9)
[2017.05.21-08.34.27:720][441]LogModuleManager: Shutting down and abandoning module D3D11RHI (8)
[2017.05.21-08.34.27:720][441]LogModuleManager: Shutting down and abandoning module Renderer (7)
[2017.05.21-08.34.27:720][441]LogModuleManager: Shutting down and abandoning module Engine (6)
[2017.05.21-08.34.27:720][441]LogModuleManager: Shutting down and abandoning module CoreUObject (5)
[2017.05.21-08.34.27:720][441]LogModuleManager: Shutting down and abandoning module NetworkFile (4)
[2017.05.21-08.34.27:720][441]LogModuleManager: Shutting down and abandoning module StreamingFile (3)
[2017.05.21-08.34.27:720][441]LogModuleManager: Shutting down and abandoning module SandboxFile (2)
[2017.05.21-08.34.27:720][441]LogModuleManager: Shutting down and abandoning module PakFile (1)
[2017.05.21-08.34.27:720][441]LogExit: Exiting.
[2017.05.21-08.34.27:722][441]Log file closed, 05/21/17 17:34:27
