[2017.05.21-11.30.00:063][  0]Log file open, 05/21/17 20:30:00
[2017.05.21-11.30.00:063][  0]LogInit:Display: Running engine for game: UES
[2017.05.21-11.30.00:063][  0]LogInit:Display: RandInit(1599843494) SRandInit(1599843494).
[2017.05.21-11.30.00:063][  0]LogTaskGraph: Started task graph with 4 named threads and 5 total threads.
[2017.05.21-11.30.00:063][  0]LogStats: Stats thread started
[2017.05.21-11.30.00:063][  0]LogInit: Version: 4.8.1-2591939+++depot+UE4-Releases+4.8
[2017.05.21-11.30.00:063][  0]LogInit: API Version: 2579680
[2017.05.21-11.30.00:063][  0]LogInit: Compiled (64-bit): Jun 18 2015 11:02:04
[2017.05.21-11.30.00:063][  0]LogInit: Compiled with Visual C++: 18.00.21005.01
[2017.05.21-11.30.00:063][  0]LogInit: Build Configuration: Development
[2017.05.21-11.30.00:063][  0]LogInit: Branch Name: ++depot+UE4-Releases+4.8
[2017.05.21-11.30.00:063][  0]LogInit: Command line: -EpicPortal 
[2017.05.21-11.30.00:063][  0]LogInit: Base directory: C:/Program Files/Epic Games/4.8/Engine/Binaries/Win64/
[2017.05.21-11.30.00:063][  0]LogInit: Rocket: 1
[2017.05.21-11.30.00:086][  0]LogInit: Using libcurl 7.41.0
[2017.05.21-11.30.00:086][  0]LogInit:  - built for x86_64-pc-win32
[2017.05.21-11.30.00:086][  0]LogInit:  - supports SSL with WinSSL
[2017.05.21-11.30.00:086][  0]LogInit:  - other features:
[2017.05.21-11.30.00:086][  0]LogInit:      CURL_VERSION_SSL
[2017.05.21-11.30.00:086][  0]LogInit:      CURL_VERSION_IPV6
[2017.05.21-11.30.00:086][  0]LogInit:      CURL_VERSION_ASYNCHDNS
[2017.05.21-11.30.00:086][  0]LogInit:      CURL_VERSION_LARGEFILE
[2017.05.21-11.30.00:086][  0]LogInit:      CURL_VERSION_IDN
[2017.05.21-11.30.00:087][  0]LogInit:  CurlRequestOptions (configurable via config and command line):
[2017.05.21-11.30.00:087][  0]LogInit:  - bVerifyPeer = true  - Libcurl will verify peer certificate
[2017.05.21-11.30.00:087][  0]LogInit:  - bUseHttpProxy = false  - Libcurl will NOT use HTTP proxy
[2017.05.21-11.30.00:087][  0]LogInit:  - bDontReuseConnections = false  - Libcurl will reuse connections
[2017.05.21-11.30.00:087][  0]LogInit:  - CertBundlePath = nullptr  - Libcurl will use whatever was configured at build time.
[2017.05.21-11.30.00:104][  0]LogOnline:Warning: No default platform service specified for OnlineSubsystem
[2017.05.21-11.30.00:124][  0]LogInit: Presizing for 0 objects not considered by GC, pre-allocating 0 bytes.
[2017.05.21-11.30.00:134][  0]LogInit: Object subsystem initialized
[2017.05.21-11.30.00:135][  0]LogConsoleResponse:Warning: Skipping Unknown console variable: 'TranslucentSortAxis = (X=0.000000,Y=-1.000000,Z=0.000000)'
[2017.05.21-11.30.00:135][  0]LogConsoleResponse:Warning:   Found in ini file 'C:/Users/naoya/Documents/GitHub/UES/UES/Saved/Config/Windows/Engine.ini', in section '[/Script/Engine.RendererSettings]'
[2017.05.21-11.30.00:135][  0]LogConsoleResponse:Warning: Skipping Unknown console variable: 'UIScaleRule = ShortestSide'
[2017.05.21-11.30.00:135][  0]LogConsoleResponse:Warning:   Found in ini file 'C:/Users/naoya/Documents/GitHub/UES/UES/Saved/Config/Windows/Engine.ini', in section '[/Script/Engine.RendererSettings]'
[2017.05.21-11.30.00:135][  0]LogConsoleResponse:Warning: Skipping Unknown console variable: 'UIScaleCurve = (EditorCurveData=(Keys=),ExternalCurve=None)'
[2017.05.21-11.30.00:135][  0]LogConsoleResponse:Warning:   Found in ini file 'C:/Users/naoya/Documents/GitHub/UES/UES/Saved/Config/Windows/Engine.ini', in section '[/Script/Engine.RendererSettings]'
[2017.05.21-11.30.00:136][  0]LogInit: Selected Device Profile: [Windows]
[2017.05.21-11.30.00:136][  0]LogInit: Applying CVar settings loaded from the selected device profile: [Windows]
[2017.05.21-11.30.00:241][  0]LogInit: Computer: MBP-WIN
[2017.05.21-11.30.00:241][  0]LogInit: User: naoya
[2017.05.21-11.30.00:241][  0]LogInit: CPU Page size=4096, Cores=2
[2017.05.21-11.30.00:241][  0]LogInit: High frequency timer resolution =2.825623 MHz
[2017.05.21-11.30.00:241][  0]LogMemory: Memory total: Physical=7.9GB (8GB approx)
[2017.05.21-11.30.00:241][  0]LogMemory: Platform Memory Stats for Windows
[2017.05.21-11.30.00:242][  0]LogMemory: Process Physical Memory: 50.39 MB used, 50.39 MB peak
[2017.05.21-11.30.00:242][  0]LogMemory: Process Virtual Memory: 24.34 MB used, 24.34 MB peak
[2017.05.21-11.30.00:242][  0]LogMemory: Physical Memory: 4779.04 MB used, 8098.70 MB total
[2017.05.21-11.30.00:242][  0]LogMemory: Virtual Memory: 316.54 MB used, 134217728.00 MB total
[2017.05.21-11.30.00:485][  0]LogTextLocalizationManager:Warning: Loaded localization resources contain conflicting entries for (Namespace:ContentBrowser, Key:ImportAssetToolTip):
Localization Resource: (C:/Program Files/Epic Games/4.8/Engine/Content/Localization/Editor/en/Editor.locres) Source String Hash: (-630476809) Localized String: (Import to {0}...)
Localization Resource: (C:/Program Files/Epic Games/4.8/Engine/Content/Localization/Editor/en/Editor.locres) Source String Hash: (1271782899) Localized String: (Imports an asset from file to this folder.)
[2017.05.21-11.30.00:820][  0]LogD3D11RHI: Found D3D11 adapter 0: Intel(R) HD Graphics 4000 (Feature Level 11_0)
[2017.05.21-11.30.00:820][  0]LogD3D11RHI: Adapter has 32MB of dedicated video memory, 0MB of dedicated system memory, and 1760MB of shared system memory, 1 output[s]
[2017.05.21-11.30.00:822][  0]LogD3D11RHI: Found D3D11 adapter 1: Microsoft Basic Render Driver (Feature Level 11_0)
[2017.05.21-11.30.00:822][  0]LogD3D11RHI: Adapter has 0MB of dedicated video memory, 0MB of dedicated system memory, and 4049MB of shared system memory, 0 output[s]
[2017.05.21-11.30.00:822][  0]LogD3D11RHI: Chosen D3D11 Adapter Id = 0
[2017.05.21-11.30.00:829][  0]LogRHI: Texture pool is 638 MB (70% of 912 MB)
[2017.05.21-11.30.00:832][  0]LogD3D11RHI: Async texture creation enabled
[2017.05.21-11.30.00:837][  0]LogShaderCompilers:Display: Using Local Shader Compiler.
[2017.05.21-11.30.02:011][  0]LogTemp:Display: Loaded TP DesktopTargetPlatform
[2017.05.21-11.30.02:031][  0]LogTemp:Display: Loaded TP WindowsClientTargetPlatform
[2017.05.21-11.30.02:051][  0]LogTemp:Display: Loaded TP WindowsNoEditorTargetPlatform
[2017.05.21-11.30.02:072][  0]LogTemp:Display: Loaded TP WindowsServerTargetPlatform
[2017.05.21-11.30.02:094][  0]LogTemp:Display: Loaded TP WindowsTargetPlatform
[2017.05.21-11.30.02:113][  0]LogTemp:Display: Loaded TP AndroidTargetPlatform
[2017.05.21-11.30.02:130][  0]LogTemp:Display: Loaded TP Android_ASTCTargetPlatform
[2017.05.21-11.30.02:147][  0]LogTemp:Display: Loaded TP Android_ATCTargetPlatform
[2017.05.21-11.30.02:164][  0]LogTemp:Display: Loaded TP Android_DXTTargetPlatform
[2017.05.21-11.30.02:181][  0]LogTemp:Display: Loaded TP Android_ETC1TargetPlatform
[2017.05.21-11.30.02:198][  0]LogTemp:Display: Loaded TP Android_ETC2TargetPlatform
[2017.05.21-11.30.02:217][  0]LogTemp:Display: Loaded TP Android_PVRTCTargetPlatform
[2017.05.21-11.30.02:281][  0]LogTemp:Display: Loaded TP IOSTargetPlatform
[2017.05.21-11.30.02:314][  0]LogTemp:Display: Loaded TP LinuxNoEditorTargetPlatform
[2017.05.21-11.30.02:342][  0]LogTemp:Display: Loaded TP LinuxServerTargetPlatform
[2017.05.21-11.30.02:377][  0]LogTemp:Display: Loaded TP LinuxTargetPlatform
[2017.05.21-11.30.02:377][  0]LogTargetPlatformManager:Display: Building Assets For Windows
[2017.05.21-11.30.02:896][  0]LogDerivedDataCache:Display: Max Cache Size: 512 MB
[2017.05.21-11.30.03:139][  0]LogDerivedDataCache: Loaded boot cache 0.24s 53MB C:/Users/naoya/AppData/Local/UnrealEngine/4.8/DerivedDataCache/Boot.ddc.
[2017.05.21-11.30.03:139][  0]LogDerivedDataCache:Display: Loaded Boot cache: C:/Users/naoya/AppData/Local/UnrealEngine/4.8/DerivedDataCache/Boot.ddc
[2017.05.21-11.30.03:139][  0]LogDerivedDataCache: FDerivedDataBackendGraph:  Pak pak cache file ../../../../../../Users/naoya/Documents/GitHub/UES/UES/DerivedDataCache/DDC.ddp not found, will not use a pak cache.
[2017.05.21-11.30.03:139][  0]LogDerivedDataCache: Unable to find inner node Pak for hierarchical cache Hierarchy.
[2017.05.21-11.30.03:139][  0]LogDerivedDataCache: FDerivedDataBackendGraph:  CompressedPak pak cache file ../../../../../../Users/naoya/Documents/GitHub/UES/UES/DerivedDataCache/Compressed.ddp not found, will not use a pak cache.
[2017.05.21-11.30.03:139][  0]LogDerivedDataCache: Unable to find inner node CompressedPak for hierarchical cache Hierarchy.
[2017.05.21-11.30.03:303][  0]LogDerivedDataCache:Display: Pak cache opened for reading ../../../Engine/DerivedDataCache/Compressed.ddp.
[2017.05.21-11.30.03:315][  0]LogDerivedDataCache: Using Local data cache path C:/Users/naoya/AppData/Local/UnrealEngine/Common/DerivedDataCache: Writable
[2017.05.21-11.30.03:580][  0]LogInit: Selected Device Profile: [Windows]
[2017.05.21-11.30.03:694][  0]ImportText (ComponentSweepMultiTests): Missing closing parenthesis: (RootShapeAsset="/Engine/BasicShapes/Cube.Cube",ShapeType="TriggerCapsule",HitResult=(Time=0.50,Location=(X=-100.000015,Y=0.0,Z=100.000015),ImpactPoint=(X=-50.0,Y=0.0,Z=50.0),Normal=(X=-1.0,Y=-0.0,Z=0.0),ImpactNormal=(X=0.0,Y=0.0,Z=1.0),TraceStart=(X=-200.0,Y=0.0,Z=200.0),TraceEnd=(X=0.0,Y=0.0,Z=0.0))
[2017.05.21-11.30.03:694][  0]ImportText (LineTraceSingleByChannelTests): Missing closing parenthesis: (RootShapeAsset="/Engine/BasicShapes/Cube.Cube",HitResult=(Time=0.50,Location=(X=-100.000015,Y=0.0,Z=100.000015),ImpactPoint=(X=-50.0,Y=0.0,Z=50.0),Normal=(X=-1.0,Y=-0.0,Z=0.0),ImpactNormal=(X=0.0,Y=0.0,Z=1.0),TraceStart=(X=-200.0,Y=0.0,Z=200.0),TraceEnd=(X=0.0,Y=0.0,Z=0.0))
[2017.05.21-11.30.03:736][  0]LogMeshUtilities: No automatic mesh reduction module available
[2017.05.21-11.30.03:736][  0]LogMeshUtilities: No automatic mesh merging module available
[2017.05.21-11.30.04:277][  0]LogInit: WinSock: version 1.1 (2.2), MaxSocks=32767, MaxUdp=65467
[2017.05.21-11.30.31:631][  0]UdpMessaging: Initializing bridge on interface 0.0.0.0:0 to multicast group 230.0.0.1:6666.
[2017.05.21-11.30.32:665][  0]SourceControl: Info Source control is disabled
[2017.05.21-11.30.32:678][  0]SourceControl: Info Source control is disabled
[2017.05.21-11.30.32:698][  0]SourceControl: Info Source control is disabled
[2017.05.21-11.30.32:721][  0]SourceControl: Info Source control is disabled
[2017.05.21-11.30.33:485][  0]LogObj: 26273 objects as part of root set at end of initial load.
[2017.05.21-11.30.33:485][  0]LogUObjectAllocator: 5409248 out of 0 bytes used by permanent object pool.
[2017.05.21-11.30.33:601][  0]LogEngine: Initializing Engine...
[2017.05.21-11.30.33:604][  0]LogHMD: Can't find Oculus library dev build: is proper Runtime installed? Version: 0.6.0.0
[2017.05.21-11.30.33:606][  0]LogHMD:Warning: SteamVR failed to initialize.  Error: 110
[2017.05.21-11.30.33:785][  0]LogAIModule: Creating AISystem for world NewWorld
[2017.05.21-11.30.33:789][  0]LogInit: XAudio2 using 'スピーカー (Cirrus Logic CS4206B (AB 82))' : 4 channels at 48 kHz using 32 bits per sample (channel mask 0x33)
[2017.05.21-11.30.33:808][  0]LogInit: FAudioDevice initialized.
[2017.05.21-11.30.33:837][  0]LogDerivedDataCache: Saved boot cache 0.03s 53MB C:/Users/naoya/AppData/Local/UnrealEngine/4.8/DerivedDataCache/Boot.ddc.
[2017.05.21-11.30.33:843][  0]LogInit: Texture streaming: Disabled
[2017.05.21-11.30.33:876][  0]LogAnalytics: Creating configured Analytics provider AnalyticsET
[2017.05.21-11.30.33:876][  0]LogAnalytics: [UEEditor.Rocket.Release] APIServer = http://et2.epicgames.com/ET2/. AppVersion = 4.8.1-2591939+++depot+UE4-Releases+4.8
[2017.05.21-11.30.33:876][  0]LogAnalytics: [UEEditor.Rocket.Release] SetUserId 10962dc64ef36cd15ebb5dac67d4b6d4|3f71092cfe98413a8b5914193a7b869d|f7a54027-ac37-4c8a-8b77-6ba9f22c4a62
[2017.05.21-11.30.33:876][  0]LogAnalytics: [UEEditor.Rocket.Release] AnalyticsET::StartSession
[2017.05.21-11.30.33:916][  0]LogInit: Transaction tracking system initialized
[2017.05.21-11.30.34:129][  0]BlueprintLog: New page: Editor Load
[2017.05.21-11.30.34:174][  0]LogAssetRegistry: FAssetRegistry took 0.0110 seconds to start up
[2017.05.21-11.30.34:174][  0]LogDirectoryWatcher:Warning: Failed to begin reading directory changes for ../../../Engine/Plugins/Experimental/CharacterAI/Content/. Error: 0
[2017.05.21-11.30.37:200][  0]LogLinker:Warning: Asset '../../../Engine/Content/Tutorial/Basics/FeaturePacks.uasset' has been saved with empty engine version. The asset will be loaded but may be incompatible.
[2017.05.21-11.30.38:058][  0]LogConsoleManager:Warning: Console variable 'r.VSync' wasn't set ('GameSetting' has a lower priority than 'SystemSettingsIni')
[2017.05.21-11.30.38:059][  0]LogConsoleResponse:Display: 
[2017.05.21-11.30.38:807][  0]LogCook:Display: Done creating registry. It took  0.00s.
[2017.05.21-11.30.40:764][  0]SourceControl: Info Source control is disabled
[2017.05.21-11.30.40:764][  0]Cmd: MAP LOAD FILE="../../../../../../Users/naoya/Documents/GitHub/UES/UES/Content/FirstPersonBP/Maps/FirstPersonExampleMap.umap" TEMPLATE=0 SHOWPROGRESS=1 FEATURELEVEL=3
[2017.05.21-11.30.41:142][  0]LightingResults: New page: Lighting Build
[2017.05.21-11.30.41:162][  0]MapCheck: New page: Map Check
[2017.05.21-11.30.41:163][  0]LightingResults: New page: Lighting Build
[2017.05.21-11.30.41:180][  0]LogParticles: Destroying 0 GPU particle simulations for FXSystem 0x0000023D97C88B80
[2017.05.21-11.30.59:350][  0]LogAIModule: Creating AISystem for world FirstPersonExampleMap
[2017.05.21-11.30.59:384][  0]LogEditorServer: Finished looking for orphan Actors (0.000 secs)
[2017.05.21-11.31.09:831][  0]Cmd: MAP CHECKDEP NOCLEARLOG
[2017.05.21-11.31.09:889][  0]MapCheck: Info Map check complete: 0 Error(s), 0 Warning(s), took 56.99ms to complete.
[2017.05.21-11.31.09:889][  0]LogFileHelpers: Loading map 'FirstPersonExampleMap' took 29.124
[2017.05.21-11.31.10:402][  0]LogCollectionManager: Loaded 0 collections in 0.004044 seconds
[2017.05.21-11.31.10:413][  0]LogContentBrowser: Native class hierarchy populated in 0.0112 seconds. Added 1792 classes and 301 folders.
[2017.05.21-11.31.10:931][  0]LogContentBrowser: Native class hierarchy updated for 'WidgetCarousel' in 0.0009 seconds. Added 0 classes and 0 folders.
[2017.05.21-11.31.11:959][  0]LogContentBrowser: Native class hierarchy updated for 'AddContentDialog' in 0.0009 seconds. Added 0 classes and 0 folders.
[2017.05.21-11.31.12:362][  0]LogContentBrowser: Native class hierarchy updated for 'SceneOutliner' in 0.0010 seconds. Added 1 classes and 2 folders.
[2017.05.21-11.31.12:786][  0]LogCrashTracker: Crashtracker disabled due to settings.
[2017.05.21-11.31.12:830][  0]LogUObjectGlobals:Warning: Failed to find object 'Class None.'
[2017.05.21-11.31.12:865][  0]LogLoad: Full Startup: 75.11 seconds (BP compile: 0.79 seconds)
[2017.05.21-11.31.12:947][  0]LogWindowsTextInputMethodSystem:Display: IME system now activated using TSF (Microsoft IME).
[2017.05.21-11.31.13:157][  0]LogContentStreaming: Texture pool size is 0.000000MB
[2017.05.21-11.31.13:216][  0]LogContentStreaming: Texture pool size now 200 MB
[2017.05.21-11.31.13:517][  0]LogRenderer: Reallocating scene render targets to support 688x392 (Frame:2).
[2017.05.21-11.31.14:404][  8]LogAssetRegistry: Asset discovery search completed in 40.2411 seconds
[2017.05.21-11.35.12:500][986]Cmd: DELETE
[2017.05.21-11.35.12:550][986]Cmd: ACTOR DELETE
[2017.05.21-11.35.12:813][986]LogEditorActor: Deleted Actor: Actor
[2017.05.21-11.35.12:824][986]LogActorComponent: UnregisterComponent: (/Engine/Transient.ProjectileMovementComponent_40__A6522401) Not registered. Aborting.
[2017.05.21-11.35.12:824][986]LogActorComponent: UnregisterComponent: (/Engine/Transient.CharMoveComp) Not registered. Aborting.
[2017.05.21-11.35.12:948][986]LogEditorActor: Deleted 1 Actors (0.168 secs)
[2017.05.21-11.40.21:975][914]LogMaterial: Missing cached shader map for material Material_0, compiling. 
[2017.05.21-11.40.22:270][915]LogMaterial: Missing cached shader map for material Material_1, compiling. 
[2017.05.21-11.40.22:299][916]LogMaterial: Missing cached shader map for material Material_2, compiling. 
[2017.05.21-11.40.22:323][917]LogMaterial: Missing cached shader map for material Material_3, compiling. 
[2017.05.21-11.41.33:976][171]LogActorComponent: UnregisterComponent: (/Engine/Transient.ProjectileMovementComponent_40__A6522401) Not registered. Aborting.
[2017.05.21-11.41.33:976][171]LogActorComponent: UnregisterComponent: (/Engine/Transient.CharMoveComp) Not registered. Aborting.
[2017.05.21-11.41.39:493][171]LogSavePackage: Save=5073.912598ms
[2017.05.21-11.41.39:493][171]LogSavePackage: Moving '../../../../../../Users/naoya/Documents/GitHub/UES/UES/Saved/FirstPersonExampleMap_Auto168475D4B437DAC94254DFA95106EA30D.tmp' to '../../../../../../Users/naoya/Documents/GitHub/UES/UES/Saved/Autosaves/Game/FirstPersonBP/Maps/FirstPersonExampleMap_Auto1.umap'
[2017.05.21-11.41.39:529][171]LogFileHelpers: Editor autosave (incl. sublevels) for '/Game/FirstPersonBP/Maps/FirstPersonExampleMap' took 5.553
[2017.05.21-11.41.39:529][171]LogFileHelpers: Editor autosave (incl. sublevels) for all levels took 5.553
[2017.05.21-11.56.57:011][820]LogPlayLevel: PIE:  No blueprints needed recompiling
[2017.05.21-11.56.57:667][820]PIE: New page: PIE session: FirstPersonExampleMap (May 22, 2017, 5:56:57 AM)
[2017.05.21-11.56.57:668][820]LogPlayLevel: Creating play world package: /Game/FirstPersonBP/Maps/UEDPIE_0_FirstPersonExampleMap
[2017.05.21-11.56.57:817][820]LogPlayLevel: PIE: StaticDuplicateObject took: (0.148242s)
[2017.05.21-11.56.57:818][820]LogAIModule: Creating AISystem for world FirstPersonExampleMap
[2017.05.21-11.56.57:819][820]LogPlayLevel: PIE: World Init took: (0.002769s)
[2017.05.21-11.56.57:820][820]LogPlayLevel: PIE: Created PIE world by copying editor world from /Game/FirstPersonBP/Maps/FirstPersonExampleMap.FirstPersonExampleMap to /Game/FirstPersonBP/Maps/UEDPIE_0_FirstPersonExampleMap.FirstPersonExampleMap (0.151492s)
[2017.05.21-11.56.57:820][820]LogActorComponent: UnregisterComponent: (/Engine/Transient.ProjectileMovementComponent_40__A6522401) Not registered. Aborting.
[2017.05.21-11.56.57:820][820]LogActorComponent: UnregisterComponent: (/Engine/Transient.CharMoveComp) Not registered. Aborting.
[2017.05.21-11.56.57:867][820]LogInit: XAudio2 using 'スピーカー (Cirrus Logic CS4206B (AB 82))' : 4 channels at 48 kHz using 32 bits per sample (channel mask 0x33)
[2017.05.21-11.56.57:871][820]LogInit: FAudioDevice initialized.
[2017.05.21-11.56.58:218][820]LogWorld: Game class is 'FirstPersonGameMode_C'
[2017.05.21-11.56.58:227][820]LogWorld: Bringing World /Game/FirstPersonBP/Maps/UEDPIE_0_FirstPersonExampleMap.FirstPersonExampleMap up for play (max tick rate 60) at 2017.05.21-20.56.58
[2017.05.21-11.56.58:227][820]LogActor:Warning: GameSession /Game/FirstPersonBP/Maps/UEDPIE_0_FirstPersonExampleMap.FirstPersonExampleMap:PersistentLevel.GameSession_0 has natively added scene component(s), but none of them were set as the actor's RootComponent - picking one arbitrarily
[2017.05.21-11.56.58:227][820]LogActor:Warning: GameNetworkManager /Game/FirstPersonBP/Maps/UEDPIE_0_FirstPersonExampleMap.FirstPersonExampleMap:PersistentLevel.GameNetworkManager_0 has natively added scene component(s), but none of them were set as the actor's RootComponent - picking one arbitrarily
[2017.05.21-11.56.58:228][820]LogWorld: Bringing up level for play took: 0.008075
[2017.05.21-11.56.58:337][820]PIE: Info Play in editor start time for /Game/FirstPersonBP/Maps/UEDPIE_0_FirstPersonExampleMap 1.91
[2017.05.21-11.58.19:132][ 57]LogParticles: Destroying 0 GPU particle simulations for FXSystem 0x0000023DA484E3E0
[2017.05.21-12.04.37:515][497]Cmd: MAP LOAD FILE="../../../Engine/Content/Maps/Templates/Template_Default.umap" TEMPLATE=1 SHOWPROGRESS=1 FEATURELEVEL=3
[2017.05.21-12.04.37:539][497]LightingResults: New page: Lighting Build
[2017.05.21-12.04.37:674][497]LoadErrors: New page: Loading map: Template_Default.umap
[2017.05.21-12.04.37:675][497]MapCheck: New page: Map Check
[2017.05.21-12.04.37:675][497]LightingResults: New page: Lighting Build
[2017.05.21-12.04.37:708][497]LogParticles: Destroying 0 GPU particle simulations for FXSystem 0x0000023D900DCD60
[2017.05.21-12.04.37:823][497]LogAIModule: Creating AISystem for world Untitled_1
[2017.05.21-12.04.37:844][497]LogEditorServer: Finished looking for orphan Actors (0.000 secs)
[2017.05.21-12.04.37:858][497]Cmd: MAP CHECKDEP NOCLEARLOG
[2017.05.21-12.04.37:915][497]MapCheck: Info Map check complete: 0 Error(s), 0 Warning(s), took 56.298ms to complete.
[2017.05.21-12.04.37:915][497]LogFileHelpers: Loading map 'Template_Default' took 0.452
[2017.05.21-12.06.05:226][709]Cmd: OBJ SAVEPACKAGE PACKAGE="/Game/Map/Test/Test_Audio" FILE="../../../../../../Users/naoya/Documents/GitHub/UES/UES/Content/Map/Test/Test_Audio.umap" SILENT=true AUTOSAVING=false KEEPDIRTY=false
[2017.05.21-12.06.05:306][709]LogSavePackage: Save=40.262627ms
[2017.05.21-12.06.05:306][709]LogSavePackage: Moving '../../../../../../Users/naoya/Documents/GitHub/UES/UES/Saved/Test_AudioFDB36306470CEB879EADA48516C7F080.tmp' to '../../../../../../Users/naoya/Documents/GitHub/UES/UES/Content/Map/Test/Test_Audio.umap'
[2017.05.21-12.06.05:341][709]LogFileHelpers: Saving map 'Test_Audio' took 2.212
[2017.05.21-12.11.50:531][609]LogFactory: FactoryCreateBinary: SoundWave with SoundFactory (0 0 ../../../../../../Users/naoya/Downloads/bgm_maoudamashii_cyber19.wav)
[2017.05.21-12.11.50:664][609]LogAudioDerivedData:Display: Building compressed audio format OGG wave bgm_maoudamashii_cyber19...
[2017.05.21-12.11.53:917][609]LogAudioDerivedData:Warning: Updated SoundWave->RawPCMDataSize during cooking SoundWave /Game/Audio/bgm_maoudamashii_cyber19.bgm_maoudamashii_cyber19.
[2017.05.21-12.14.42:256][907]LogFileHelpers: Editor autosave (incl. sublevels) for '/Game/Map/Test/Test_Audio' took 0.027
[2017.05.21-12.14.42:260][907]OBJ SavePackage: Generating thumbnails for [1] asset(s) in package [/Game/Audio/bgm_maoudamashii_cyber19] ([1] browsable assets)...
[2017.05.21-12.14.42:310][907]OBJ SavePackage:     Rendered thumbnail for [SoundWave /Game/Audio/bgm_maoudamashii_cyber19.bgm_maoudamashii_cyber19]
[2017.05.21-12.14.42:310][907]OBJ SavePackage: Finished generating thumbnails for package [/Game/Audio/bgm_maoudamashii_cyber19]
[2017.05.21-12.14.42:329][907]LogSavePackage: Save=16.458672ms
[2017.05.21-12.14.42:330][907]LogSavePackage: Moving '../../../../../../Users/naoya/Documents/GitHub/UES/UES/Saved/bgm_maoudamashii_cyber19_Auto27B933E18482CDEAACE04E1A9473F6904.tmp' to '../../../../../../Users/naoya/Documents/GitHub/UES/UES/Saved/Autosaves/Game/Audio/bgm_maoudamashii_cyber19_Auto2.uasset'
[2017.05.21-12.14.42:334][907]OBJ SavePackage: Generating thumbnails for [0] asset(s) in package [/Game/Audio/bgm_maoudamashii_cyber19_Cue] ([1] browsable assets)...
[2017.05.21-12.14.42:334][907]OBJ SavePackage: Finished generating thumbnails for package [/Game/Audio/bgm_maoudamashii_cyber19_Cue]
[2017.05.21-12.14.42:362][907]LogSavePackage: Save=26.736052ms
[2017.05.21-12.14.42:362][907]LogSavePackage: Moving '../../../../../../Users/naoya/Documents/GitHub/UES/UES/Saved/bgm_maoudamashii_cyber19_Cue_Auto215BE219441EF0234E748B8AA0CF6179D.tmp' to '../../../../../../Users/naoya/Documents/GitHub/UES/UES/Saved/Autosaves/Game/Audio/bgm_maoudamashii_cyber19_Cue_Auto2.uasset'
[2017.05.21-12.14.42:364][907]LogFileHelpers: Auto-saving content packages took 0.106
[2017.05.21-12.18.42:864][403]Cmd: OBJ SAVEPACKAGE PACKAGE="/Game/Audio/bgm_maoudamashii_cyber19_Cue" FILE="../../../../../../Users/naoya/Documents/GitHub/UES/UES/Content/Audio/bgm_maoudamashii_cyber19_Cue.uasset" SILENT=true
[2017.05.21-12.18.42:873][403]LogSavePackage: Save=6.724535ms
[2017.05.21-12.18.42:873][403]LogSavePackage: Moving '../../../../../../Users/naoya/Documents/GitHub/UES/UES/Saved/bgm_maoudamashii_cyber19_CueCA1C37E340E0C2944B722ABBD32161EB.tmp' to '../../../../../../Users/naoya/Documents/GitHub/UES/UES/Content/Audio/bgm_maoudamashii_cyber19_Cue.uasset'
[2017.05.21-12.19.26:740][ 30]Cmd: OBJ SAVEPACKAGE PACKAGE="/Game/Audio/bgm_maoudamashii_cyber19_Cue" FILE="../../../../../../Users/naoya/Documents/GitHub/UES/UES/Content/Audio/bgm_maoudamashii_cyber19_Cue.uasset" SILENT=true
[2017.05.21-12.19.26:766][ 30]LogSavePackage: Save=7.326172ms
[2017.05.21-12.19.26:766][ 30]LogSavePackage: Moving '../../../../../../Users/naoya/Documents/GitHub/UES/UES/Saved/bgm_maoudamashii_cyber19_Cue207F4677458F6D8FC57A40BB44D305E6.tmp' to '../../../../../../Users/naoya/Documents/GitHub/UES/UES/Content/Audio/bgm_maoudamashii_cyber19_Cue.uasset'
[2017.05.21-12.19.57:561][670]LogPlayLevel: PIE:  No blueprints needed recompiling
[2017.05.21-12.19.57:561][670]PIE: New page: PIE session: Test_Audio (May 22, 2017, 6:19:57 AM)
[2017.05.21-12.19.57:561][670]LogPlayLevel: Creating play world package: /Game/Map/Test/UEDPIE_0_Test_Audio
[2017.05.21-12.19.57:563][670]LogPlayLevel: PIE: StaticDuplicateObject took: (0.002123s)
[2017.05.21-12.19.57:565][670]LogAIModule: Creating AISystem for world Test_Audio
[2017.05.21-12.19.57:565][670]LogPlayLevel: PIE: World Init took: (0.001860s)
[2017.05.21-12.19.57:566][670]LogPlayLevel: PIE: Created PIE world by copying editor world from /Game/Map/Test/Test_Audio.Test_Audio to /Game/Map/Test/UEDPIE_0_Test_Audio.Test_Audio (0.004241s)
[2017.05.21-12.19.57:598][670]LogInit: XAudio2 using 'スピーカー (Cirrus Logic CS4206B (AB 82))' : 4 channels at 48 kHz using 32 bits per sample (channel mask 0x33)
[2017.05.21-12.19.57:603][670]LogInit: FAudioDevice initialized.
[2017.05.21-12.19.57:678][670]LogWorld: Game class is 'FirstPersonGameMode_C'
[2017.05.21-12.19.57:682][670]LogWorld: Bringing World /Game/Map/Test/UEDPIE_0_Test_Audio.Test_Audio up for play (max tick rate 60) at 2017.05.21-21.19.57
[2017.05.21-12.19.57:682][670]LogActor:Warning: GameSession /Game/Map/Test/UEDPIE_0_Test_Audio.Test_Audio:PersistentLevel.GameSession_1 has natively added scene component(s), but none of them were set as the actor's RootComponent - picking one arbitrarily
[2017.05.21-12.19.57:682][670]LogActor:Warning: GameNetworkManager /Game/Map/Test/UEDPIE_0_Test_Audio.Test_Audio:PersistentLevel.GameNetworkManager_1 has natively added scene component(s), but none of them were set as the actor's RootComponent - picking one arbitrarily
[2017.05.21-12.19.57:683][670]LogWorld: Bringing up level for play took: 0.002710
[2017.05.21-12.19.57:901][670]PIE: Info Play in editor start time for /Game/Map/Test/UEDPIE_0_Test_Audio -0.526
[2017.05.21-12.20.10:802][421]LogParticles: Destroying 0 GPU particle simulations for FXSystem 0x0000023D943D4400
[2017.05.21-12.24.24:483][253]Cmd: OBJ SAVEPACKAGE PACKAGE="/Game/Audio/bgm_maoudamashii_cyber19" FILE="../../../../../../Users/naoya/Documents/GitHub/UES/UES/Content/Audio/bgm_maoudamashii_cyber19.uasset" SILENT=true
[2017.05.21-12.24.24:506][253]LogSavePackage: Save=18.001694ms
[2017.05.21-12.24.24:506][253]LogSavePackage: Moving '../../../../../../Users/naoya/Documents/GitHub/UES/UES/Saved/bgm_maoudamashii_cyber1934B285074A36C7B088DA0E91F416D530.tmp' to '../../../../../../Users/naoya/Documents/GitHub/UES/UES/Content/Audio/bgm_maoudamashii_cyber19.uasset'
[2017.05.21-12.24.24:576][253]Cmd: OBJ SAVEPACKAGE PACKAGE="/Game/Map/Test/Test_Audio" FILE="../../../../../../Users/naoya/Documents/GitHub/UES/UES/Content/Map/Test/Test_Audio.umap" SILENT=true AUTOSAVING=false KEEPDIRTY=false
[2017.05.21-12.24.24:637][253]LogSavePackage: Save=28.328974ms
[2017.05.21-12.24.24:637][253]LogSavePackage: Moving '../../../../../../Users/naoya/Documents/GitHub/UES/UES/Saved/Test_Audio558B6C774660B0F74A28228D9D5620B9.tmp' to '../../../../../../Users/naoya/Documents/GitHub/UES/UES/Content/Map/Test/Test_Audio.umap'
[2017.05.21-12.24.24:680][253]LogFileHelpers: Saving map 'Test_Audio' took 0.166
[2017.05.21-12.24.24:862][253]LogWindowsTextInputMethodSystem:Display: IME system now activated using TSF (Microsoft IME).
[2017.05.21-12.24.25:142][254]Cmd: QUIT_EDITOR
[2017.05.21-12.24.26:431][254]LogExit: Preparing to exit.
[2017.05.21-12.24.26:877][254]LogExit: Editor shut down
[2017.05.21-12.24.26:879][254]LogExit: Transaction tracking system shut down
[2017.05.21-12.24.26:882][254]LogParticles: Destroying 0 GPU particle simulations for FXSystem 0x0000023DB58039C0
[2017.05.21-12.24.27:057][254]LogParticles: Destroying 0 GPU particle simulations for FXSystem 0x0000023DA484D120
[2017.05.21-12.24.27:057][254]LogParticles: Destroying 0 GPU particle simulations for FXSystem 0x0000023D93172520
[2017.05.21-12.24.27:057][254]LogParticles: Destroying 0 GPU particle simulations for FXSystem 0x0000023DB566CFE0
[2017.05.21-12.24.27:057][254]LogParticles: Destroying 0 GPU particle simulations for FXSystem 0x0000023D9325DB20
[2017.05.21-12.24.27:057][254]LogExit: Object subsystem successfully closed.
[2017.05.21-12.24.27:147][254]LogModuleManager: Shutting down and abandoning module SoundCueEditor (190)
[2017.05.21-12.24.27:147][254]LogModuleManager: Shutting down and abandoning module NewLevelDialog (189)
[2017.05.21-12.24.27:147][254]LogModuleManager: Shutting down and abandoning module CrashTracker (188)
[2017.05.21-12.24.27:147][254]LogModuleManager: Shutting down and abandoning module SceneOutliner (187)
[2017.05.21-12.24.27:147][254]LogModuleManager: Shutting down and abandoning module SuperSearch (186)
[2017.05.21-12.24.27:147][254]LogModuleManager: Shutting down and abandoning module WidgetCarousel (185)
[2017.05.21-12.24.27:164][254]LogModuleManager: Shutting down and abandoning module AddContentDialog (184)
[2017.05.21-12.24.27:180][254]LogModuleManager: Shutting down and abandoning module EditorWidgets (183)
[2017.05.21-12.24.27:180][254]LogModuleManager: Shutting down and abandoning module CollectionManager (182)
[2017.05.21-12.24.27:187][254]LogModuleManager: Shutting down and abandoning module StatsViewer (181)
[2017.05.21-12.24.27:187][254]LogModuleManager: Shutting down and abandoning module FoliageEdit (180)
[2017.05.21-12.24.27:187][254]LogModuleManager: Shutting down and abandoning module LandscapeEditor (179)
[2017.05.21-12.24.27:187][254]LogModuleManager: Shutting down and abandoning module ActorPickerMode (178)
[2017.05.21-12.24.27:187][254]LogModuleManager: Shutting down and abandoning module GeometryMode (177)
[2017.05.21-12.24.27:187][254]LogModuleManager: Shutting down and abandoning module TextureAlignMode (176)
[2017.05.21-12.24.27:187][254]LogModuleManager: Shutting down and abandoning module BspMode (175)
[2017.05.21-12.24.27:187][254]LogModuleManager: Shutting down and abandoning module PlacementMode (174)
[2017.05.21-12.24.27:187][254]LogModuleManager: Shutting down and abandoning module AutomationWorker (173)
[2017.05.21-12.24.27:187][254]LogModuleManager: Shutting down and abandoning module CharacterAI (172)
[2017.05.21-12.24.27:187][254]LogModuleManager: Shutting down and abandoning module SmartSnapping (171)
[2017.05.21-12.24.27:187][254]LogModuleManager: Shutting down and abandoning module ViewportSnapping (170)
[2017.05.21-12.24.27:187][254]LogModuleManager: Shutting down and abandoning module LogVisualizer (169)
[2017.05.21-12.24.27:188][254]LogModuleManager: Shutting down and abandoning module GameProjectGeneration (168)
[2017.05.21-12.24.27:188][254]LogModuleManager: Shutting down and abandoning module IntroTutorials (167)
[2017.05.21-12.24.27:188][254]LogModuleManager: Shutting down and abandoning module EditorLiveStreaming (166)
[2017.05.21-12.24.27:188][254]LogModuleManager: Shutting down and abandoning module IOSPlatformEditor (165)
[2017.05.21-12.24.27:188][254]LogModuleManager: Shutting down and abandoning module HTML5PlatformEditor (164)
[2017.05.21-12.24.27:188][254]LogModuleManager: Shutting down and abandoning module AndroidDeviceDetection (163)
[2017.05.21-12.24.27:897][254]LogModuleManager: Shutting down and abandoning module AndroidPlatformEditor (162)
[2017.05.21-12.24.27:898][254]LogModuleManager: Shutting down and abandoning module IOSRuntimeSettings (161)
[2017.05.21-12.24.27:898][254]LogModuleManager: Shutting down and abandoning module AndroidRuntimeSettings (160)
[2017.05.21-12.24.27:898][254]LogModuleManager: Shutting down and abandoning module MergeActors (159)
[2017.05.21-12.24.27:898][254]LogModuleManager: Shutting down and abandoning module SizeMap (158)
[2017.05.21-12.24.27:898][254]LogModuleManager: Shutting down and abandoning module TreeMap (157)
[2017.05.21-12.24.27:898][254]LogModuleManager: Shutting down and abandoning module ReferenceViewer (156)
[2017.05.21-12.24.27:898][254]LogModuleManager: Shutting down and abandoning module LocalizationDashboard (155)
[2017.05.21-12.24.27:898][254]LogModuleManager: Shutting down and abandoning module HardwareTargeting (154)
[2017.05.21-12.24.27:898][254]LogModuleManager: Shutting down and abandoning module DeviceProfileEditor (153)
[2017.05.21-12.24.27:898][254]LogModuleManager: Shutting down and abandoning module UndoHistory (152)
[2017.05.21-12.24.27:899][254]LogModuleManager: Shutting down and abandoning module GameplayTagsEditor (151)
[2017.05.21-12.24.27:899][254]LogModuleManager: Shutting down and abandoning module UserFeedback (150)
[2017.05.21-12.24.27:899][254]LogModuleManager: Shutting down and abandoning module XmlParser (149)
[2017.05.21-12.24.27:899][254]LogModuleManager: Shutting down and abandoning module Blutility (148)
[2017.05.21-12.24.27:899][254]LogModuleManager: Shutting down and abandoning module ProjectTargetPlatformEditor (147)
[2017.05.21-12.24.27:899][254]LogModuleManager: Shutting down and abandoning module ProjectSettingsViewer (146)
[2017.05.21-12.24.27:899][254]LogModuleManager: Shutting down and abandoning module InputBindingEditor (145)
[2017.05.21-12.24.27:900][254]LogModuleManager: Shutting down and abandoning module EditorSettingsViewer (144)
[2017.05.21-12.24.27:900][254]LogModuleManager: Shutting down and abandoning module SettingsEditor (143)
[2017.05.21-12.24.27:900][254]LogModuleManager: Shutting down and abandoning module ProjectLauncher (142)
[2017.05.21-12.24.27:900][254]LogModuleManager: Shutting down and abandoning module SessionFrontend (141)
[2017.05.21-12.24.27:900][254]LogModuleManager: Shutting down and abandoning module ProfilerClient (140)
[2017.05.21-12.24.27:900][254]LogModuleManager: Shutting down and abandoning module TargetDeviceServices (139)
[2017.05.21-12.24.27:900][254]LogModuleManager: Shutting down and abandoning module DeviceManager (138)
[2017.05.21-12.24.27:901][254]LogModuleManager: Shutting down and abandoning module AutomationController (137)
[2017.05.21-12.24.27:901][254]LogModuleManager: Shutting down and abandoning module AutomationWindow (136)
[2017.05.21-12.24.27:901][254]LogModuleManager: Shutting down and abandoning module Layers (135)
[2017.05.21-12.24.27:901][254]LogModuleManager: Shutting down and abandoning module ComponentVisualizers (134)
[2017.05.21-12.24.27:901][254]LogModuleManager: Shutting down and abandoning module DetailCustomizations (133)
[2017.05.21-12.24.27:901][254]LogModuleManager: Shutting down and abandoning module PackagesDialog (132)
[2017.05.21-12.24.27:902][254]LogModuleManager: Shutting down and abandoning module AssetRegistry (131)
[2017.05.21-12.24.28:056][254]LogModuleManager: Shutting down and abandoning module Persona (130)
[2017.05.21-12.24.28:056][254]LogModuleManager: Shutting down and abandoning module Kismet (129)
[2017.05.21-12.24.28:056][254]LogModuleManager: Shutting down and abandoning module GraphEditor (128)
[2017.05.21-12.24.28:056][254]LogModuleManager: Shutting down and abandoning module ClassViewer (127)
[2017.05.21-12.24.28:056][254]LogModuleManager: Shutting down and abandoning module Toolbox (126)
[2017.05.21-12.24.28:056][254]LogModuleManager: Shutting down and abandoning module ModuleUI (125)
[2017.05.21-12.24.28:056][254]LogModuleManager: Shutting down and abandoning module MovieSceneTools (124)
[2017.05.21-12.24.28:056][254]LogModuleManager: Shutting down and abandoning module OutputLog (123)
[2017.05.21-12.24.28:056][254]LogModuleManager: Shutting down and abandoning module GammaUI (122)
[2017.05.21-12.24.28:056][254]LogModuleManager: Shutting down and abandoning module Documentation (121)
[2017.05.21-12.24.28:056][254]LogModuleManager: Shutting down and abandoning module GameLiveStreaming (120)
[2017.05.21-12.24.28:056][254]LogModuleManager: Shutting down and abandoning module StreamingPauseRendering (119)
[2017.05.21-12.24.28:056][254]LogModuleManager: Shutting down and abandoning module AnalyticsET (118)
[2017.05.21-12.24.28:056][254]LogModuleManager: Shutting down and abandoning module Analytics (117)
[2017.05.21-12.24.28:056][254]LogModuleManager: Shutting down and abandoning module AITestSuite (116)
[2017.05.21-12.24.28:056][254]LogModuleManager: Shutting down and abandoning module GameplayDebugger (115)
[2017.05.21-12.24.28:056][254]LogModuleManager: Shutting down and abandoning module AIModule (114)
[2017.05.21-12.24.28:056][254]LogModuleManager: Shutting down and abandoning module ProfilerService (113)
[2017.05.21-12.24.28:151][254]LogModuleManager: Shutting down and abandoning module TaskGraph (112)
[2017.05.21-12.24.28:151][254]LogModuleManager: Shutting down and abandoning module SlateRemote (111)
[2017.05.21-12.24.28:152][254]LogModuleManager: Shutting down and abandoning module SteamVRController (110)
[2017.05.21-12.24.28:152][254]LogModuleManager: Shutting down and abandoning module SteamVR (109)
[2017.05.21-12.24.28:152][254]LogModuleManager: Shutting down and abandoning module ProceduralMeshComponent (108)
[2017.05.21-12.24.28:152][254]LogModuleManager: Shutting down and abandoning module OculusRift (107)
[2017.05.21-12.24.28:152][254]LogModuleManager: Shutting down and abandoning module LeapMotionController (106)
[2017.05.21-12.24.28:183][254]LogModuleManager: Shutting down and abandoning module CustomMeshComponent (105)
[2017.05.21-12.24.28:183][254]LogModuleManager: Shutting down and abandoning module CableComponent (104)
[2017.05.21-12.24.28:183][254]LogModuleManager: Shutting down and abandoning module MessagingDebugger (103)
[2017.05.21-12.24.28:183][254]LogModuleManager: Shutting down and abandoning module MediaPlayerEditor (102)
[2017.05.21-12.24.28:183][254]LogModuleManager: Shutting down and abandoning module SpeedTreeImporter (101)
[2017.05.21-12.24.28:183][254]LogModuleManager: Shutting down and abandoning module PluginBrowser (100)
[2017.05.21-12.24.28:183][254]LogModuleManager: Shutting down and abandoning module EpicSurvey (99)
[2017.05.21-12.24.28:183][254]LogModuleManager: Shutting down and abandoning module DesktopPlatform (98)
[2017.05.21-12.24.28:183][254]LogModuleManager: Shutting down and abandoning module VisualStudioSourceCodeAccess (97)
[2017.05.21-12.24.28:183][254]LogModuleManager: Shutting down and abandoning module UObjectPlugin (96)
[2017.05.21-12.24.28:183][254]LogModuleManager: Shutting down and abandoning module SubversionSourceControl (95)
[2017.05.21-12.24.28:184][254]LogModuleManager: Shutting down and abandoning module PerforceSourceControl (94)
[2017.05.21-12.24.28:184][254]LogModuleManager: Shutting down and abandoning module SourceControl (93)
[2017.05.21-12.24.28:184][254]LogModuleManager: Shutting down and abandoning module GitSourceControl (92)
[2017.05.21-12.24.28:184][254]LogModuleManager: Shutting down and abandoning module BlankPlugin (91)
[2017.05.21-12.24.28:184][254]LogModuleManager: Shutting down and abandoning module PaperTiledImporter (90)
[2017.05.21-12.24.28:184][254]LogModuleManager: Shutting down and abandoning module PaperSpriteSheetImporter (89)
[2017.05.21-12.24.28:184][254]LogModuleManager: Shutting down and abandoning module MeshPaint (88)
[2017.05.21-12.24.28:184][254]LogModuleManager: Shutting down and abandoning module SlateReflector (87)
[2017.05.21-12.24.28:184][254]LogModuleManager: Shutting down and abandoning module DirectoryWatcher (86)
[2017.05.21-12.24.28:189][254]LogModuleManager: Shutting down and abandoning module HotReload (85)
[2017.05.21-12.24.28:189][254]LogModuleManager: Shutting down and abandoning module MainFrame (84)
[2017.05.21-12.24.28:189][254]LogModuleManager: Shutting down and abandoning module LevelEditor (83)
[2017.05.21-12.24.28:191][254]LogModuleManager: Shutting down and abandoning module ContentBrowser (82)
[2017.05.21-12.24.28:192][254]LogModuleManager: Shutting down and abandoning module Paper2DEditor (81)
[2017.05.21-12.24.28:192][254]LogModuleManager: Shutting down and abandoning module UdpMessaging (80)
[2017.05.21-12.24.28:293][254]LogModuleManager: Shutting down and abandoning module Paper2D (79)
[2017.05.21-12.24.28:293][254]LogModuleManager: Shutting down and abandoning module WindowsMoviePlayer (78)
[2017.05.21-12.24.28:302][254]LogModuleManager: Shutting down and abandoning module Media (77)
[2017.05.21-12.24.28:302][254]LogModuleManager: Shutting down and abandoning module WmfMedia (76)
[2017.05.21-12.24.28:302][254]LogModuleManager: Shutting down and abandoning module OnlineBlueprintSupport (75)
[2017.05.21-12.24.28:302][254]LogModuleManager: Shutting down and abandoning module PropertyEditor (74)
[2017.05.21-12.24.28:302][254]LogModuleManager: Shutting down and abandoning module BehaviorTreeEditor (73)
[2017.05.21-12.24.28:302][254]LogModuleManager: Shutting down and abandoning module FunctionalTesting (72)
[2017.05.21-12.24.28:302][254]LogModuleManager: Shutting down and abandoning module CollisionAnalyzer (71)
[2017.05.21-12.24.28:302][254]LogModuleManager: Shutting down and abandoning module WorkspaceMenuStructure (70)
[2017.05.21-12.24.28:302][254]LogModuleManager: Shutting down and abandoning module MessageLog (69)
[2017.05.21-12.24.28:302][254]LogModuleManager: Shutting down and abandoning module Sequencer (68)
[2017.05.21-12.24.28:303][254]LogModuleManager: Shutting down and abandoning module AssetTools (67)
[2017.05.21-12.24.28:303][254]LogModuleManager: Shutting down and abandoning module UMGEditor (66)
[2017.05.21-12.24.28:303][254]LogModuleManager: Shutting down and abandoning module UMG (65)
[2017.05.21-12.24.28:303][254]LogModuleManager: Shutting down and abandoning module Slate (64)
[2017.05.21-12.24.28:303][254]LogModuleManager: Shutting down and abandoning module EditorStyle (63)
[2017.05.21-12.24.28:312][254]LogModuleManager: Shutting down and abandoning module SessionServices (62)
[2017.05.21-12.24.28:312][254]LogModuleManager: Shutting down and abandoning module SourceCodeAccess (61)
[2017.05.21-12.24.28:312][254]LogModuleManager: Shutting down and abandoning module HeadMountedDisplay (60)
[2017.05.21-12.24.28:312][254]LogModuleManager: Shutting down and abandoning module XAudio2 (59)
[2017.05.21-12.24.28:312][254]LogModuleManager: Shutting down and abandoning module Networking (57)
[2017.05.21-12.24.28:312][254]LogModuleManager: Shutting down and abandoning module Core (56)
[2017.05.21-12.24.28:312][254]LogModuleManager: Shutting down and abandoning module KismetCompiler (55)
[2017.05.21-12.24.28:312][254]LogModuleManager: Shutting down and abandoning module PhysXFormats (54)
[2017.05.21-12.24.28:312][254]LogModuleManager: Shutting down and abandoning module MeshUtilities (53)
[2017.05.21-12.24.28:313][254]LogModuleManager: Shutting down and abandoning module DerivedDataCache (52)
[2017.05.21-12.24.28:352][254]LogDerivedDataCache: Shutdown
[2017.05.21-12.24.28:352][254]LogModuleManager: Shutting down and abandoning module ShaderFormatOpenGL (51)
[2017.05.21-12.24.28:353][254]LogModuleManager: Shutting down and abandoning module ShaderFormatD3D (50)
[2017.05.21-12.24.28:353][254]LogModuleManager: Shutting down and abandoning module MetalShaderFormat (49)
[2017.05.21-12.24.28:353][254]LogModuleManager: Shutting down and abandoning module TextureFormatUncompressed (48)
[2017.05.21-12.24.28:353][254]LogModuleManager: Shutting down and abandoning module TextureFormatPVR (47)
[2017.05.21-12.24.28:353][254]LogModuleManager: Shutting down and abandoning module TextureFormatIntelISPCTexComp (46)
[2017.05.21-12.24.28:353][254]LogModuleManager: Shutting down and abandoning module TextureFormatDXT (45)
[2017.05.21-12.24.28:353][254]LogModuleManager: Shutting down and abandoning module ImageWrapper (44)
[2017.05.21-12.24.28:353][254]LogModuleManager: Shutting down and abandoning module TextureFormatASTC (43)
[2017.05.21-12.24.28:353][254]LogModuleManager: Shutting down and abandoning module TextureFormatAndroid (42)
[2017.05.21-12.24.28:353][254]LogModuleManager: Shutting down and abandoning module AudioFormatOpus (41)
[2017.05.21-12.24.28:353][254]LogModuleManager: Shutting down and abandoning module AudioFormatOgg (40)
[2017.05.21-12.24.28:353][254]LogModuleManager: Shutting down and abandoning module AudioFormatADPCM (39)
[2017.05.21-12.24.28:353][254]LogModuleManager: Shutting down and abandoning module LinuxTargetPlatform (38)
[2017.05.21-12.24.28:353][254]LogModuleManager: Shutting down and abandoning module LinuxServerTargetPlatform (37)
[2017.05.21-12.24.28:354][254]LogModuleManager: Shutting down and abandoning module LinuxNoEditorTargetPlatform (36)
[2017.05.21-12.24.28:354][254]LogModuleManager: Shutting down and abandoning module Messaging (35)
[2017.05.21-12.24.28:354][254]LogModuleManager: Shutting down and abandoning module IOSTargetPlatform (34)
[2017.05.21-12.24.28:354][254]LogModuleManager: Shutting down and abandoning module HTML5TargetPlatform (33)
[2017.05.21-12.24.28:354][254]LogModuleManager: Shutting down and abandoning module Android_PVRTCTargetPlatform (32)
[2017.05.21-12.24.28:354][254]LogModuleManager: Shutting down and abandoning module Android_ETC2TargetPlatform (31)
[2017.05.21-12.24.28:354][254]LogModuleManager: Shutting down and abandoning module Android_ETC1TargetPlatform (30)
[2017.05.21-12.24.28:354][254]LogModuleManager: Shutting down and abandoning module Android_DXTTargetPlatform (29)
[2017.05.21-12.24.28:354][254]LogModuleManager: Shutting down and abandoning module Android_ATCTargetPlatform (28)
[2017.05.21-12.24.28:354][254]LogModuleManager: Shutting down and abandoning module Android_ASTCTargetPlatform (27)
[2017.05.21-12.24.28:354][254]LogModuleManager: Shutting down and abandoning module AndroidTargetPlatform (26)
[2017.05.21-12.24.28:354][254]LogModuleManager: Shutting down and abandoning module WindowsTargetPlatform (25)
[2017.05.21-12.24.28:355][254]LogModuleManager: Shutting down and abandoning module WindowsServerTargetPlatform (24)
[2017.05.21-12.24.28:355][254]LogModuleManager: Shutting down and abandoning module WindowsNoEditorTargetPlatform (23)
[2017.05.21-12.24.28:355][254]LogModuleManager: Shutting down and abandoning module WindowsClientTargetPlatform (22)
[2017.05.21-12.24.28:355][254]LogModuleManager: Shutting down and abandoning module DesktopTargetPlatform (21)
[2017.05.21-12.24.28:355][254]LogModuleManager: Shutting down and abandoning module TargetPlatform (20)
[2017.05.21-12.24.28:355][254]LogModuleManager: Shutting down and abandoning module InputCore (19)
[2017.05.21-12.24.28:355][254]LogModuleManager: Shutting down and abandoning module Settings (18)
[2017.05.21-12.24.28:356][254]LogModuleManager: Shutting down and abandoning module OnlineSubsystem (16)
[2017.05.21-12.24.28:356][254]LogModuleManager: Shutting down and abandoning module HTTP (15)
[2017.05.21-12.24.28:358][254]LogModuleManager: Shutting down and abandoning module ExampleDeviceProfileSelector (14)
[2017.05.21-12.24.28:358][254]LogModuleManager: Shutting down and abandoning module TextureCompressor (13)
[2017.05.21-12.24.28:358][254]LogModuleManager: Shutting down and abandoning module ShaderCore (12)
[2017.05.21-12.24.28:358][254]LogModuleManager: Shutting down and abandoning module Landscape (11)
[2017.05.21-12.24.28:358][254]LogModuleManager: Shutting down and abandoning module SlateRHIRenderer (10)
[2017.05.21-12.24.28:371][254]LogModuleManager: Shutting down and abandoning module OpenGLDrv (9)
[2017.05.21-12.24.28:371][254]LogModuleManager: Shutting down and abandoning module D3D11RHI (8)
[2017.05.21-12.24.28:371][254]LogModuleManager: Shutting down and abandoning module Renderer (7)
[2017.05.21-12.24.28:371][254]LogModuleManager: Shutting down and abandoning module Engine (6)
[2017.05.21-12.24.28:371][254]LogModuleManager: Shutting down and abandoning module CoreUObject (5)
[2017.05.21-12.24.28:371][254]LogModuleManager: Shutting down and abandoning module NetworkFile (4)
[2017.05.21-12.24.28:371][254]LogModuleManager: Shutting down and abandoning module StreamingFile (3)
[2017.05.21-12.24.28:371][254]LogModuleManager: Shutting down and abandoning module SandboxFile (2)
[2017.05.21-12.24.28:371][254]LogModuleManager: Shutting down and abandoning module PakFile (1)
[2017.05.21-12.24.28:373][254]LogExit: Exiting.
[2017.05.21-12.24.28:404][254]Log file closed, 05/21/17 21:24:28
